"D:/new skewl/MASTER_SHADOWSTEP/Content/Assets/MenuArt/1280_x_720.uasset" 0
"D:/new skewl/MASTER_SHADOWSTEP/Content/Assets/MenuArt/1920_x_1080.uasset" 1
"D:/new skewl/MASTER_SHADOWSTEP/Content/Assets/MenuArt/640_x_480.uasset" 2
"D:/new skewl/MASTER_SHADOWSTEP/Content/Assets/MenuArt/Main_Menu_Button.uasset" 3
"D:/new skewl/MASTER_SHADOWSTEP/Content/Assets/MenuArt/Quit_Game_Button.uasset" 4
"D:/new skewl/MASTER_SHADOWSTEP/Content/Assets/MenuArt/Resolution_Button.uasset" 5
"D:/new skewl/MASTER_SHADOWSTEP/Content/Assets/MenuArt/Settings_Button.uasset" 6
"D:/new skewl/MASTER_SHADOWSTEP/Content/Assets/MenuArt/Start_Game_Button.uasset" 7
"D:/new skewl/MASTER_SHADOWSTEP/Content/Assets/MenuArt/Win_Screen.uasset" 8
"D:/new skewl/MASTER_SHADOWSTEP/Content/StarterContent/Textures/T_Smoke_SubUV.uasset" 9
"D:/new skewl/MASTER_SHADOWSTEP/Content/StarterContent/Textures/T_Smoke_Tiled_D.uasset" 10
"D:/new skewl/MASTER_SHADOWSTEP/Content/Assets/ParticleEffects/StarterContent/Particles/Materials/M_smoke_subUV.uasset" 11
"D:/new skewl/MASTER_SHADOWSTEP/Content/Assets/Props/albedo.uasset" 12
"D:/new skewl/MASTER_SHADOWSTEP/Content/Assets/Props/arms.uasset" 13
"D:/new skewl/MASTER_SHADOWSTEP/Content/Assets/Props/BackGate.uasset" 14
"D:/new skewl/MASTER_SHADOWSTEP/Content/Assets/Props/beard.uasset" 15
"D:/new skewl/MASTER_SHADOWSTEP/Content/Assets/Props/benchcushion.uasset" 16
"D:/new skewl/MASTER_SHADOWSTEP/Content/Assets/Props/benchframe.uasset" 17
"D:/new skewl/MASTER_SHADOWSTEP/Content/Assets/Props/BodyPlane.uasset" 18
"D:/new skewl/MASTER_SHADOWSTEP/Content/Assets/Props/BodyPlane1.uasset" 19
"D:/new skewl/MASTER_SHADOWSTEP/Content/Assets/Props/bulletbottom.uasset" 20
"D:/new skewl/MASTER_SHADOWSTEP/Content/Assets/Props/bullettip.uasset" 21
"D:/new skewl/MASTER_SHADOWSTEP/Content/Assets/Props/bullettop.uasset" 22
"D:/new skewl/MASTER_SHADOWSTEP/Content/Assets/Props/bullet_bullettip_albedo.uasset" 23
"D:/new skewl/MASTER_SHADOWSTEP/Content/Assets/Props/bullet_OcclusionRoughnessMetallic.uasset" 24
"D:/new skewl/MASTER_SHADOWSTEP/Content/Assets/Props/bullet_bullettip_albedo_Mat.uasset" 25
"D:/new skewl/MASTER_SHADOWSTEP/Content/Assets/Props/cropnwhip.uasset" 26
"D:/new skewl/MASTER_SHADOWSTEP/Content/Assets/Props/CrossGate.uasset" 27
"D:/new skewl/MASTER_SHADOWSTEP/Content/Assets/Props/CrossGate1.uasset" 28
"D:/new skewl/MASTER_SHADOWSTEP/Content/Assets/Props/DisplaySignGold_albedo.uasset" 29
"D:/new skewl/MASTER_SHADOWSTEP/Content/Assets/Props/DisplaySignGold_albedo_Mat.uasset" 30
"D:/new skewl/MASTER_SHADOWSTEP/Content/Assets/Props/DisplaySign.uasset" 31
"D:/new skewl/MASTER_SHADOWSTEP/Content/Assets/Props/DisplaySignBlack_OcclusionRoughnessMetallic.uasset" 32
"D:/new skewl/MASTER_SHADOWSTEP/Content/Assets/Props/displaysign_black_albedo.uasset" 33
"D:/new skewl/MASTER_SHADOWSTEP/Content/Assets/Props/displaysign_black_albedo_Mat.uasset" 34
"D:/new skewl/MASTER_SHADOWSTEP/Content/Assets/Props/exhaust.uasset" 35
"D:/new skewl/MASTER_SHADOWSTEP/Content/Assets/Props/exhaust1.uasset" 36
"D:/new skewl/MASTER_SHADOWSTEP/Content/Assets/Props/Face_Sac.uasset" 37
"D:/new skewl/MASTER_SHADOWSTEP/Content/Assets/Props/helmet1.uasset" 38
"D:/new skewl/MASTER_SHADOWSTEP/Content/Assets/Props/lambert1.uasset" 39
"D:/new skewl/MASTER_SHADOWSTEP/Content/Assets/Props/lambert10.uasset" 40
"D:/new skewl/MASTER_SHADOWSTEP/Content/Assets/Props/lambert11.uasset" 41
"D:/new skewl/MASTER_SHADOWSTEP/Content/Assets/Props/lambert12.uasset" 42
"D:/new skewl/MASTER_SHADOWSTEP/Content/Assets/Props/lambert13.uasset" 43
"D:/new skewl/MASTER_SHADOWSTEP/Content/Assets/Props/lambert14.uasset" 44
"D:/new skewl/MASTER_SHADOWSTEP/Content/Assets/Props/lambert16.uasset" 45
"D:/new skewl/MASTER_SHADOWSTEP/Content/Assets/Props/lambert17.uasset" 46
"D:/new skewl/MASTER_SHADOWSTEP/Content/Assets/Props/lambert18.uasset" 47
"D:/new skewl/MASTER_SHADOWSTEP/Content/Assets/Props/lambert19.uasset" 48
"D:/new skewl/MASTER_SHADOWSTEP/Content/Assets/Props/lambert2.uasset" 49
"D:/new skewl/MASTER_SHADOWSTEP/Content/Assets/Props/lambert20.uasset" 50
"D:/new skewl/MASTER_SHADOWSTEP/Content/Assets/Props/lambert21.uasset" 51
"D:/new skewl/MASTER_SHADOWSTEP/Content/Assets/Props/lambert22.uasset" 52
"D:/new skewl/MASTER_SHADOWSTEP/Content/Assets/Props/lambert23.uasset" 53
"D:/new skewl/MASTER_SHADOWSTEP/Content/Assets/Props/lambert24.uasset" 54
"D:/new skewl/MASTER_SHADOWSTEP/Content/Assets/Props/lambert3.uasset" 55
"D:/new skewl/MASTER_SHADOWSTEP/Content/Assets/Props/lambert4.uasset" 56
"D:/new skewl/MASTER_SHADOWSTEP/Content/Assets/Props/lambert5.uasset" 57
"D:/new skewl/MASTER_SHADOWSTEP/Content/Assets/Props/lambert6.uasset" 58
"D:/new skewl/MASTER_SHADOWSTEP/Content/Assets/Props/lambert7.uasset" 59
"D:/new skewl/MASTER_SHADOWSTEP/Content/Assets/Props/lambert9.uasset" 60
"D:/new skewl/MASTER_SHADOWSTEP/Content/Assets/Props/leWood.uasset" 61
"D:/new skewl/MASTER_SHADOWSTEP/Content/Assets/Props/M4_Sherman1_OcclusionRoughnessMetallic.uasset" 62
"D:/new skewl/MASTER_SHADOWSTEP/Content/Assets/Props/M4_Sherman_albedo.uasset" 63
"D:/new skewl/MASTER_SHADOWSTEP/Content/Assets/Props/M4_Sherman_normal.uasset" 64
"D:/new skewl/MASTER_SHADOWSTEP/Content/Assets/Props/M4_Sherman_albedo_Mat.uasset" 65
"D:/new skewl/MASTER_SHADOWSTEP/Content/Assets/Props/M4_Sherman_F.uasset" 66
"D:/new skewl/MASTER_SHADOWSTEP/Content/Assets/Props/MagazineHousing.uasset" 67
"D:/new skewl/MASTER_SHADOWSTEP/Content/Assets/Props/medalribbons.uasset" 68
"D:/new skewl/MASTER_SHADOWSTEP/Content/Assets/Props/medalsmetal.uasset" 69
"D:/new skewl/MASTER_SHADOWSTEP/Content/Assets/Props/museum_pedestal_large_albedo.uasset" 70
"D:/new skewl/MASTER_SHADOWSTEP/Content/Assets/Props/museum_pedestal_large_metal.uasset" 71
"D:/new skewl/MASTER_SHADOWSTEP/Content/Assets/Props/museum_pedestal_large_normal.uasset" 72
"D:/new skewl/MASTER_SHADOWSTEP/Content/Assets/Props/museum_pedestal_large_albedo_Mat.uasset" 73
"D:/new skewl/MASTER_SHADOWSTEP/Content/Assets/Props/museum_pedestal_large.uasset" 74
"D:/new skewl/MASTER_SHADOWSTEP/Content/PlaceholderMaterials/LightCone.uasset" 75
"D:/new skewl/MASTER_SHADOWSTEP/Content/Assets/Props/museum_pedestal_large_case.uasset" 76
"D:/new skewl/MASTER_SHADOWSTEP/Content/Assets/Props/Neck.uasset" 77
"D:/new skewl/MASTER_SHADOWSTEP/Content/Assets/Props/Neck1.uasset" 78
"D:/new skewl/MASTER_SHADOWSTEP/Content/Assets/Props/Pedestal_Neck_albedo.uasset" 79
"D:/new skewl/MASTER_SHADOWSTEP/Content/Assets/Props/Pedestal_Neck_albedo_Mat.uasset" 80
"D:/new skewl/MASTER_SHADOWSTEP/Content/Assets/Props/Pedestal_Ped_Base1_albedo.uasset" 81
"D:/new skewl/MASTER_SHADOWSTEP/Content/Assets/Props/Pedestal_Ped_Base1_albedo_Mat.uasset" 82
"D:/new skewl/MASTER_SHADOWSTEP/Content/Assets/Props/Pedestal_Ped_Base2_albedo.uasset" 83
"D:/new skewl/MASTER_SHADOWSTEP/Content/Assets/Props/Pedestal_Ped_Base2_albedo_Mat.uasset" 84
"D:/new skewl/MASTER_SHADOWSTEP/Content/Assets/Props/Pedestal_Ped_Bod2_albedo.uasset" 85
"D:/new skewl/MASTER_SHADOWSTEP/Content/Assets/Props/Pedestal_Ped_Bod2_albedo_Mat.uasset" 86
"D:/new skewl/MASTER_SHADOWSTEP/Content/Assets/Props/Pedestal_PeD_Body1_albedo.uasset" 87
"D:/new skewl/MASTER_SHADOWSTEP/Content/Assets/Props/Pedestal_PeD_Body1_albedo_Mat.uasset" 88
"D:/new skewl/MASTER_SHADOWSTEP/Content/Assets/Props/Pedestal_Ped_Head_albedo.uasset" 89
"D:/new skewl/MASTER_SHADOWSTEP/Content/Assets/Props/Pedestal_Ped_Head_albedo_Mat.uasset" 90
"D:/new skewl/MASTER_SHADOWSTEP/Content/Assets/Props/Pedestal_TOp_albedo.uasset" 91
"D:/new skewl/MASTER_SHADOWSTEP/Content/Assets/Props/Pedestal_TOp_albedo_Mat.uasset" 92
"D:/new skewl/MASTER_SHADOWSTEP/Content/Assets/Props/Pedestal.uasset" 93
"D:/new skewl/MASTER_SHADOWSTEP/Content/Assets/Props/Ped_Base1.uasset" 94
"D:/new skewl/MASTER_SHADOWSTEP/Content/Assets/Props/Ped_Base2.uasset" 95
"D:/new skewl/MASTER_SHADOWSTEP/Content/Assets/Props/Ped_Bod2.uasset" 96
"D:/new skewl/MASTER_SHADOWSTEP/Content/Assets/Props/PeD_Body1.uasset" 97
"D:/new skewl/MASTER_SHADOWSTEP/Content/Assets/Props/Ped_Head.uasset" 98
"D:/new skewl/MASTER_SHADOWSTEP/Content/Assets/Props/plaqueback.uasset" 99
"D:/new skewl/MASTER_SHADOWSTEP/Content/Assets/Props/PPSH_albedo.uasset" 100
"D:/new skewl/MASTER_SHADOWSTEP/Content/Assets/Props/PPSH_albedo_Mat.uasset" 101
"D:/new skewl/MASTER_SHADOWSTEP/Content/Assets/Props/PPSH_ShadowStep.uasset" 102
"D:/new skewl/MASTER_SHADOWSTEP/Content/Assets/Props/prop.uasset" 103
"D:/new skewl/MASTER_SHADOWSTEP/Content/Assets/Props/prop1.uasset" 104
"D:/new skewl/MASTER_SHADOWSTEP/Content/Assets/Props/Reception_Desk_Welcome_Desk_BaseColor.uasset" 105
"D:/new skewl/MASTER_SHADOWSTEP/Content/Assets/Props/Reception_Desk_Welcome_Desk_Normal.uasset" 106
"D:/new skewl/MASTER_SHADOWSTEP/Content/Assets/Props/Reception_Desk_Welcome_Desk_OcclusionRoughnessMetallic.uasset" 107
"D:/new skewl/MASTER_SHADOWSTEP/Content/Assets/Props/ribbonrack.uasset" 108
"D:/new skewl/MASTER_SHADOWSTEP/Content/Assets/Props/Sarc_body.uasset" 109
"D:/new skewl/MASTER_SHADOWSTEP/Content/Assets/Props/sconce1.uasset" 110
"D:/new skewl/MASTER_SHADOWSTEP/Content/Assets/Props/SecurityCamera.uasset" 111
"D:/new skewl/MASTER_SHADOWSTEP/Content/Assets/Props/SecurityCamera_diffuse.uasset" 112
"D:/new skewl/MASTER_SHADOWSTEP/Content/Assets/Props/SecurityCamera_diffuse_Mat.uasset" 113
"D:/new skewl/MASTER_SHADOWSTEP/Content/Assets/Props/SecurityCamera_ShadowStep_pCube2.uasset" 114
"D:/new skewl/MASTER_SHADOWSTEP/Content/Assets/Props/lambert25.uasset" 115
"D:/new skewl/MASTER_SHADOWSTEP/Content/Assets/Props/shadow_sphere.uasset" 116
"D:/new skewl/MASTER_SHADOWSTEP/Content/Assets/Props/sign_cat_statue.uasset" 117
"D:/new skewl/MASTER_SHADOWSTEP/Content/Assets/Props/sign_cat_statue_Mat.uasset" 118
"D:/new skewl/MASTER_SHADOWSTEP/Content/Assets/Props/sign_mitsubishi.uasset" 119
"D:/new skewl/MASTER_SHADOWSTEP/Content/Assets/Props/sign_mitsubishi_Mat.uasset" 120
"D:/new skewl/MASTER_SHADOWSTEP/Content/Assets/Props/sign_mk2.uasset" 121
"D:/new skewl/MASTER_SHADOWSTEP/Content/Assets/Props/sign_mk2_Mat.uasset" 122
"D:/new skewl/MASTER_SHADOWSTEP/Content/Assets/Props/sign_sandbag.uasset" 123
"D:/new skewl/MASTER_SHADOWSTEP/Content/Assets/Props/sign_sandbag_Mat.uasset" 124
"D:/new skewl/MASTER_SHADOWSTEP/Content/Assets/Props/sign_sarcophagus.uasset" 125
"D:/new skewl/MASTER_SHADOWSTEP/Content/Assets/Props/sign_sarcophagus_Mat.uasset" 126
"D:/new skewl/MASTER_SHADOWSTEP/Content/Assets/Props/sign_sherman.uasset" 127
"D:/new skewl/MASTER_SHADOWSTEP/Content/Assets/Props/sign_sherman_Mat.uasset" 128
"D:/new skewl/MASTER_SHADOWSTEP/Content/Assets/Props/sign_trex.uasset" 129
"D:/new skewl/MASTER_SHADOWSTEP/Content/Assets/Props/sign_trex_Mat.uasset" 130
"D:/new skewl/MASTER_SHADOWSTEP/Content/Assets/Props/stripes.uasset" 131
"D:/new skewl/MASTER_SHADOWSTEP/Content/Assets/Props/TOp.uasset" 132
"D:/new skewl/MASTER_SHADOWSTEP/Content/Assets/Props/TOp1.uasset" 133
"D:/new skewl/MASTER_SHADOWSTEP/Content/Assets/Props/trashcan1.uasset" 134
"D:/new skewl/MASTER_SHADOWSTEP/Content/Assets/Props/TrexBody.uasset" 135
"D:/new skewl/MASTER_SHADOWSTEP/Content/Assets/Props/TrexHips.uasset" 136
"D:/new skewl/MASTER_SHADOWSTEP/Content/Assets/Props/Trex_plaque.uasset" 137
"D:/new skewl/MASTER_SHADOWSTEP/Content/Assets/Props/Trex_platform.uasset" 138
"D:/new skewl/MASTER_SHADOWSTEP/Content/Assets/Props/TRex_TeethColor.uasset" 139
"D:/new skewl/MASTER_SHADOWSTEP/Content/Assets/Props/white_granite.uasset" 140
"D:/new skewl/MASTER_SHADOWSTEP/Content/Assets/Props/white_granite_Mat.uasset" 141
"D:/new skewl/MASTER_SHADOWSTEP/Content/Assets/Props/windshield.uasset" 142
"D:/new skewl/MASTER_SHADOWSTEP/Content/Assets/Props/windshield1.uasset" 143
"D:/new skewl/MASTER_SHADOWSTEP/Content/Assets/Props/wings.uasset" 144
"D:/new skewl/MASTER_SHADOWSTEP/Content/Assets/Props/wings1.uasset" 145
"D:/new skewl/MASTER_SHADOWSTEP/Content/Assets/Props/wood.uasset" 146
"D:/new skewl/MASTER_SHADOWSTEP/Content/Assets/Props/ancientrod_albedo.uasset" 147
"D:/new skewl/MASTER_SHADOWSTEP/Content/Assets/Props/ancientrods_Normal.uasset" 148
"D:/new skewl/MASTER_SHADOWSTEP/Content/Assets/Props/ancientrods_OcclusionRoughnessMetallic.uasset" 149
"D:/new skewl/MASTER_SHADOWSTEP/Content/Assets/Props/ancientrod_albedo_Mat.uasset" 150
"D:/new skewl/MASTER_SHADOWSTEP/Content/Assets/Props/textured_assets/ancientrod.uasset" 151
"D:/new skewl/MASTER_SHADOWSTEP/Content/Assets/Props/ankh_albedo.uasset" 152
"D:/new skewl/MASTER_SHADOWSTEP/Content/Assets/Props/Ankh_normal.uasset" 153
"D:/new skewl/MASTER_SHADOWSTEP/Content/Assets/Props/Ankh_OcclusionRoughnessMetallic.uasset" 154
"D:/new skewl/MASTER_SHADOWSTEP/Content/Assets/Props/ankh_albedo_Mat.uasset" 155
"D:/new skewl/MASTER_SHADOWSTEP/Content/Assets/Props/textured_assets/Ankh.uasset" 156
"D:/new skewl/MASTER_SHADOWSTEP/Content/Assets/Props/bench_benchcushion_BaseColor.uasset" 157
"D:/new skewl/MASTER_SHADOWSTEP/Content/Assets/Props/bench_benchcushion_BaseColor_Mat.uasset" 158
"D:/new skewl/MASTER_SHADOWSTEP/Content/Assets/Props/bench_benchframe_BaseColor.uasset" 159
"D:/new skewl/MASTER_SHADOWSTEP/Content/Assets/Props/bench_benchframe_BaseColor_Mat.uasset" 160
"D:/new skewl/MASTER_SHADOWSTEP/Content/Assets/Props/textured_assets/bench.uasset" 161
"D:/new skewl/MASTER_SHADOWSTEP/Content/Assets/Props/bullet_bullet303_albedo.uasset" 162
"D:/new skewl/MASTER_SHADOWSTEP/Content/Assets/Props/bullet_bullet303_albedo_Mat.uasset" 163
"D:/new skewl/MASTER_SHADOWSTEP/Content/Assets/Props/bullet_bulletbottom_albedo.uasset" 164
"D:/new skewl/MASTER_SHADOWSTEP/Content/Assets/Props/bullet_bulletbottom_albedo_Mat.uasset" 165
"D:/new skewl/MASTER_SHADOWSTEP/Content/Assets/Props/bullet_bullettop_BaseColor.uasset" 166
"D:/new skewl/MASTER_SHADOWSTEP/Content/Assets/Props/bullet_bullettop_BaseColor_Mat.uasset" 167
"D:/new skewl/MASTER_SHADOWSTEP/Content/Assets/Props/textured_assets/bullet.uasset" 168
"D:/new skewl/MASTER_SHADOWSTEP/Content/Assets/Props/desklamp_albedo.uasset" 169
"D:/new skewl/MASTER_SHADOWSTEP/Content/Assets/Props/desklamp_OcclusionRoughnessMetallic.uasset" 170
"D:/new skewl/MASTER_SHADOWSTEP/Content/Assets/Props/desklamp_albedo_Mat.uasset" 171
"D:/new skewl/MASTER_SHADOWSTEP/Content/Assets/Props/textured_assets/desklamp.uasset" 172
"D:/new skewl/MASTER_SHADOWSTEP/Content/Assets/Props/deskchair_albedo.uasset" 173
"D:/new skewl/MASTER_SHADOWSTEP/Content/Assets/Props/deskchair_normal.uasset" 174
"D:/new skewl/MASTER_SHADOWSTEP/Content/Assets/Props/deskchair_roughness.uasset" 175
"D:/new skewl/MASTER_SHADOWSTEP/Content/Assets/Props/deskchair_albedo_Mat.uasset" 176
"D:/new skewl/MASTER_SHADOWSTEP/Content/Assets/Props/textured_assets/desk_chair.uasset" 177
"D:/new skewl/MASTER_SHADOWSTEP/Content/Assets/Props/eyeOfHorus_BaseColor.uasset" 178
"D:/new skewl/MASTER_SHADOWSTEP/Content/Assets/Props/eyeOfHorus_Normal.uasset" 179
"D:/new skewl/MASTER_SHADOWSTEP/Content/Assets/Props/eyeOfHorus_Roughness.uasset" 180
"D:/new skewl/MASTER_SHADOWSTEP/Content/Assets/Props/eyeOfHorus1.uasset" 181
"D:/new skewl/MASTER_SHADOWSTEP/Content/Assets/Props/textured_assets/eyeOfHorus.uasset" 182
"D:/new skewl/MASTER_SHADOWSTEP/Content/Assets/Props/Gate_BackGate_albedo.uasset" 183
"D:/new skewl/MASTER_SHADOWSTEP/Content/Assets/Props/Gate_BackGate_albedo_Mat.uasset" 184
"D:/new skewl/MASTER_SHADOWSTEP/Content/Assets/Props/Gate_CrossGate_albedo.uasset" 185
"D:/new skewl/MASTER_SHADOWSTEP/Content/Assets/Props/Gate_CrossGate_albedo_Mat.uasset" 186
"D:/new skewl/MASTER_SHADOWSTEP/Content/Assets/Props/textured_assets/Gate.uasset" 187
"D:/new skewl/MASTER_SHADOWSTEP/Content/Assets/Props/helmet_albedo.uasset" 188
"D:/new skewl/MASTER_SHADOWSTEP/Content/Assets/Props/helmet_Metallic.uasset" 189
"D:/new skewl/MASTER_SHADOWSTEP/Content/Assets/Props/helmet_Roughness.uasset" 190
"D:/new skewl/MASTER_SHADOWSTEP/Content/Assets/Props/helmet_albedo_Mat.uasset" 191
"D:/new skewl/MASTER_SHADOWSTEP/Content/Assets/Props/textured_assets/helmet.uasset" 192
"D:/new skewl/MASTER_SHADOWSTEP/Content/Assets/Props/m1_leWood_albedo.uasset" 193
"D:/new skewl/MASTER_SHADOWSTEP/Content/Assets/Props/m1_leWood_OcclusionRoughnessMetallic.uasset" 194
"D:/new skewl/MASTER_SHADOWSTEP/Content/Assets/Props/m1_leWood_albedo_Mat.uasset" 195
"D:/new skewl/MASTER_SHADOWSTEP/Content/Assets/Props/m1_MagazineHousing_albedo.uasset" 196
"D:/new skewl/MASTER_SHADOWSTEP/Content/Assets/Props/m1_MagazineHousing_OcclusionRoughnessMetallic.uasset" 197
"D:/new skewl/MASTER_SHADOWSTEP/Content/Assets/Props/m1_MagazineHousing_albedo_Mat.uasset" 198
"D:/new skewl/MASTER_SHADOWSTEP/Content/Assets/Props/textured_assets/m1.uasset" 199
"D:/new skewl/MASTER_SHADOWSTEP/Content/Assets/Props/medalcab_medalribbons_albedo.uasset" 200
"D:/new skewl/MASTER_SHADOWSTEP/Content/Assets/Props/medalcab_medalribbons_albedo_Mat.uasset" 201
"D:/new skewl/MASTER_SHADOWSTEP/Content/Assets/Props/medalcab_medalsmetal_albedo.uasset" 202
"D:/new skewl/MASTER_SHADOWSTEP/Content/Assets/Props/medalcab_medalsmetal_albedo_Mat.uasset" 203
"D:/new skewl/MASTER_SHADOWSTEP/Content/Assets/Props/medalcab_plaqueback_albedo.uasset" 204
"D:/new skewl/MASTER_SHADOWSTEP/Content/Assets/Props/medalcab_plaqueback_albedo_Mat.uasset" 205
"D:/new skewl/MASTER_SHADOWSTEP/Content/Assets/Props/medalcab_ribbonrack_albedo.uasset" 206
"D:/new skewl/MASTER_SHADOWSTEP/Content/Assets/Props/medalcab_ribbonrack_albedo_Mat.uasset" 207
"D:/new skewl/MASTER_SHADOWSTEP/Content/Assets/Props/medalcab_stripes_albedo.uasset" 208
"D:/new skewl/MASTER_SHADOWSTEP/Content/Assets/Props/medalcab_stripes_albedo_Mat.uasset" 209
"D:/new skewl/MASTER_SHADOWSTEP/Content/Assets/Props/medalcab_wood_albedo.uasset" 210
"D:/new skewl/MASTER_SHADOWSTEP/Content/Assets/Props/medalcab_wood_albedo_Mat.uasset" 211
"D:/new skewl/MASTER_SHADOWSTEP/Content/Assets/Props/textured_assets/medalcab.uasset" 212
"D:/new skewl/MASTER_SHADOWSTEP/Content/Assets/Props/mitsubishia6m5_albedo.uasset" 213
"D:/new skewl/MASTER_SHADOWSTEP/Content/Assets/Props/mitsubishia6m5_albedo_Mat.uasset" 214
"D:/new skewl/MASTER_SHADOWSTEP/Content/Assets/Props/textured_assets/mitsubishia6m5.uasset" 215
"D:/new skewl/MASTER_SHADOWSTEP/Content/Assets/Props/Mk2_Grenade_albedo.uasset" 216
"D:/new skewl/MASTER_SHADOWSTEP/Content/Assets/Props/Mk2_Grenade_OcclusionRoughnessMetallic.uasset" 217
"D:/new skewl/MASTER_SHADOWSTEP/Content/Assets/Props/Mk2_Grenade_albedo_Mat.uasset" 218
"D:/new skewl/MASTER_SHADOWSTEP/Content/Assets/Props/textured_assets/Mk2_Grenade.uasset" 219
"D:/new skewl/MASTER_SHADOWSTEP/Content/Assets/Props/lambert15.uasset" 220
"D:/new skewl/MASTER_SHADOWSTEP/Content/Assets/Props/textured_assets/MuseumSign.uasset" 221
"D:/new skewl/MASTER_SHADOWSTEP/Content/Assets/Props/muesum_pedestal_albedo.uasset" 222
"D:/new skewl/MASTER_SHADOWSTEP/Content/Assets/Props/muesum_pedestal_albedo_Mat.uasset" 223
"D:/new skewl/MASTER_SHADOWSTEP/Content/Assets/Props/textured_assets/museum_pedestal.uasset" 224
"D:/new skewl/MASTER_SHADOWSTEP/Content/Assets/Props/obelisk_albedo.uasset" 225
"D:/new skewl/MASTER_SHADOWSTEP/Content/Assets/Props/obelisk_OcclusionRoughnessMetallic.uasset" 226
"D:/new skewl/MASTER_SHADOWSTEP/Content/Assets/Props/obelisk_albedo_Mat.uasset" 227
"D:/new skewl/MASTER_SHADOWSTEP/Content/Assets/Props/textured_assets/obelisk.uasset" 228
"D:/new skewl/MASTER_SHADOWSTEP/Content/Assets/Props/Sandbag_lambert1_albedo.uasset" 229
"D:/new skewl/MASTER_SHADOWSTEP/Content/Assets/Props/Sandbag_normal.uasset" 230
"D:/new skewl/MASTER_SHADOWSTEP/Content/Assets/Props/Sandbag_OcclusionRoughnessMetallic.uasset" 231
"D:/new skewl/MASTER_SHADOWSTEP/Content/Assets/Props/Sandbag_lambert1_albedo_Mat.uasset" 232
"D:/new skewl/MASTER_SHADOWSTEP/Content/Assets/Props/textured_assets/Sandbag.uasset" 233
"D:/new skewl/MASTER_SHADOWSTEP/Content/Assets/Props/sconce_albedo.uasset" 234
"D:/new skewl/MASTER_SHADOWSTEP/Content/Assets/Props/sconce_metallic.uasset" 235
"D:/new skewl/MASTER_SHADOWSTEP/Content/Assets/Props/sconce_albedo_Mat.uasset" 236
"D:/new skewl/MASTER_SHADOWSTEP/Content/Assets/Props/textured_assets/sconce.uasset" 237
"D:/new skewl/MASTER_SHADOWSTEP/Content/Assets/Props/textured_assets/SecurityCamera_ShadowStep_pCube2.uasset" 238
"D:/new skewl/MASTER_SHADOWSTEP/Content/Assets/Props/textured_assets/SecurityCamera_ShadowStep_pSphere1.uasset" 239
"D:/new skewl/MASTER_SHADOWSTEP/Content/Assets/Props/tankshell_albedo.uasset" 240
"D:/new skewl/MASTER_SHADOWSTEP/Content/Assets/Props/tankshell_OcclusionRoughnessMetallic.uasset" 241
"D:/new skewl/MASTER_SHADOWSTEP/Content/Assets/Props/tankshell_albedo_Mat.uasset" 242
"D:/new skewl/MASTER_SHADOWSTEP/Content/Assets/Props/textured_assets/Tank_Shell_F.uasset" 243
"D:/new skewl/MASTER_SHADOWSTEP/Content/Assets/Props/textured_assets/Tank_Shell_F_2.uasset" 244
"D:/new skewl/MASTER_SHADOWSTEP/Content/Assets/Props/trashcan_trashcan_BaseColor.uasset" 245
"D:/new skewl/MASTER_SHADOWSTEP/Content/Assets/Props/trashcan_trashcan_Normal.uasset" 246
"D:/new skewl/MASTER_SHADOWSTEP/Content/Assets/Props/trashcan_trashcan_OcclusionRoughnessMetallic.uasset" 247
"D:/new skewl/MASTER_SHADOWSTEP/Content/Assets/Props/trashcan_trashcan_BaseColor_Mat.uasset" 248
"D:/new skewl/MASTER_SHADOWSTEP/Content/Assets/Props/textured_assets/trashcan.uasset" 249
"D:/new skewl/MASTER_SHADOWSTEP/Content/Assets/Sound/escape.uasset" 250
"D:/new skewl/MASTER_SHADOWSTEP/Content/Assets/Textures/Jack3_colors_BaseColor.uasset" 251
"D:/new skewl/MASTER_SHADOWSTEP/Content/Assets/Textures/Jack3_colors_BaseColor_Mat.uasset" 252
"D:/new skewl/MASTER_SHADOWSTEP/Content/Assets/Textures/seamlesstiletexture.uasset" 253
"D:/new skewl/MASTER_SHADOWSTEP/Content/Assets/Textures/sphere_albedo.uasset" 254
"D:/new skewl/MASTER_SHADOWSTEP/Content/Assets/Textures/shadowballswirl.uasset" 255
"D:/new skewl/MASTER_SHADOWSTEP/Content/Assets/Textures/striped_seamless2.uasset" 256
"D:/new skewl/MASTER_SHADOWSTEP/Content/Assets/Textures/stripedseamless2.uasset" 257
"D:/new skewl/MASTER_SHADOWSTEP/Content/Assets/Textures/striped_seamless5.uasset" 258
"D:/new skewl/MASTER_SHADOWSTEP/Content/Assets/Textures/stripedseamless3.uasset" 259
"D:/new skewl/MASTER_SHADOWSTEP/Content/Assets/Textures/stripedseamless3_Inst.uasset" 260
"D:/new skewl/MASTER_SHADOWSTEP/Content/Assets/Textures/striped_seamless3.uasset" 261
"D:/new skewl/MASTER_SHADOWSTEP/Content/Assets/Textures/striped_seamless_Mat.uasset" 262
"D:/new skewl/MASTER_SHADOWSTEP/Content/Assets/Textures/striped_seamless_Mat_Inst.uasset" 263
"D:/new skewl/MASTER_SHADOWSTEP/Content/Assets/UI/Shadow_Dive_Meter_UI.uasset" 264
"../../../Engine/Content/BasicShapes/BasicShapeMaterial.uasset" 265
"../../../Engine/Content/Functions/Engine_MaterialFunctions01/Opacity/CameraDepthFade.uasset" 266
"../../../Engine/Content/EngineMaterials/T_Default_Material_Grid_M.uasset" 267
"../../../Engine/Content/EngineMaterials/T_Default_Material_Grid_N.uasset" 268
"../../../Engine/Content/EngineMaterials/WorldGridMaterial.uasset" 269
"../../../Engine/Content/BasicShapes/Cube.uasset" 270
"D:/new skewl/MASTER_SHADOWSTEP/Content/BPs_Made/Lever_Blueprint.uasset" 271
"D:/new skewl/MASTER_SHADOWSTEP/Content/BPs_Made/PointLight_Blueprint.uasset" 272
"../../../Engine/Content/EditorBlueprintResources/StandardMacros.uasset" 273
"D:/new skewl/MASTER_SHADOWSTEP/Content/Animations/MainCharacter/fallAnim_Anim.uasset" 274
"D:/new skewl/MASTER_SHADOWSTEP/Content/Animations/MainCharacter/jumpAnim_Anim.uasset" 275
"D:/new skewl/MASTER_SHADOWSTEP/Content/Animations/MainCharacter/SkeletonMeshPhysics/JackSkellington.uasset" 276
"D:/new skewl/MASTER_SHADOWSTEP/Content/Animations/MainCharacter/pushAnim_Anim.uasset" 277
"D:/new skewl/MASTER_SHADOWSTEP/Content/Animations/MainCharacter/idle_Anim.uasset" 278
"D:/new skewl/MASTER_SHADOWSTEP/Content/Animations/MainCharacter/runAnim_Anim.uasset" 279
"D:/new skewl/MASTER_SHADOWSTEP/Content/Animations/MainCharacter/walkAnim_Anim.uasset" 280
"D:/new skewl/MASTER_SHADOWSTEP/Content/Animations/MainCharacter/IdleWalkRun.uasset" 281
"D:/new skewl/MASTER_SHADOWSTEP/Content/Animations/MainCharacter/SkeletonMeshPhysics/JackAnimBP.uasset" 282
"D:/new skewl/MASTER_SHADOWSTEP/Content/BPs_Made/Pushable_Cube_Blueprint.uasset" 283
"D:/new skewl/MASTER_SHADOWSTEP/Content/Mannequin/Character/Mesh/UE4_Mannequin_Skeleton.uasset" 284
"D:/new skewl/MASTER_SHADOWSTEP/Content/Mannequin/Animations/ThirdPerson_Jump.uasset" 285
"D:/new skewl/MASTER_SHADOWSTEP/Content/Mannequin/Animations/ThirdPersonJump_Loop.uasset" 286
"D:/new skewl/MASTER_SHADOWSTEP/Content/Mannequin/Animations/ThirdPersonJump_Start.uasset" 287
"D:/new skewl/MASTER_SHADOWSTEP/Content/Mannequin/Animations/ThirdPersonIdle.uasset" 288
"D:/new skewl/MASTER_SHADOWSTEP/Content/Mannequin/Animations/ThirdPersonRun.uasset" 289
"D:/new skewl/MASTER_SHADOWSTEP/Content/Mannequin/Animations/ThirdPersonWalk.uasset" 290
"D:/new skewl/MASTER_SHADOWSTEP/Content/Mannequin/Animations/ThirdPerson_IdleRun_2D.uasset" 291
"D:/new skewl/MASTER_SHADOWSTEP/Content/Mannequin/Animations/ThirdPerson_AnimBP.uasset" 292
"D:/new skewl/MASTER_SHADOWSTEP/Content/ThirdPersonBP/AI/AIState.uasset" 293
"D:/new skewl/MASTER_SHADOWSTEP/Content/ThirdPersonBP/AI/myBlackboard.uasset" 294
"D:/new skewl/MASTER_SHADOWSTEP/Content/ThirdPersonBP/AI/BTS_VisionCheck.uasset" 295
"D:/new skewl/MASTER_SHADOWSTEP/Content/ThirdPersonBP/AI/BTT_SelectPatrolPoint.uasset" 296
"D:/new skewl/MASTER_SHADOWSTEP/Content/ThirdPersonBP/AI/BTT_SetWalkSpeed.uasset" 297
"D:/new skewl/MASTER_SHADOWSTEP/Content/ThirdPersonBP/AI/BTT_WanderToPoint.uasset" 298
"D:/new skewl/MASTER_SHADOWSTEP/Content/ThirdPersonBP/AI/myBahaviorTree.uasset" 299
"D:/new skewl/MASTER_SHADOWSTEP/Content/ThirdPersonBP/AI/AIcharacter.uasset" 300
"D:/new skewl/MASTER_SHADOWSTEP/Content/Assets/Textures/shadow_sphere_lambert1_Normal.uasset" 301
"D:/new skewl/MASTER_SHADOWSTEP/Content/Assets/Textures/shadowbaLL.uasset" 302
"D:/new skewl/MASTER_SHADOWSTEP/Content/StarterContent/Props/MaterialSphere.uasset" 303
"D:/new skewl/MASTER_SHADOWSTEP/Content/ThirdPersonBP/Blueprints/Projectile.uasset" 304
"../../../Engine/Content/EngineMaterials/DefaultMaterial.uasset" 305
"../../../Engine/Content/BasicShapes/Cone.uasset" 306
"../../../Engine/Content/Functions/Engine_MaterialFunctions02/Utility/BlendAngleCorrectedNormals.uasset" 307
"../../../Engine/Content/Functions/MaterialLayerFunctions/MatLayerBlend_NormalBlend.uasset" 308
"../../../Engine/Content/Functions/MaterialLayerFunctions/MatLayerBlend_Simple.uasset" 309
"D:/new skewl/MASTER_SHADOWSTEP/Content/Mannequin/Character/Materials/MaterialLayers/T_ML_Rubber_Blue_01_D.uasset" 310
"D:/new skewl/MASTER_SHADOWSTEP/Content/Mannequin/Character/Materials/MaterialLayers/T_ML_Rubber_Blue_01_N.uasset" 311
"D:/new skewl/MASTER_SHADOWSTEP/Content/Mannequin/Character/Materials/MaterialLayers/ML_GlossyBlack_Latex_UE4.uasset" 312
"D:/new skewl/MASTER_SHADOWSTEP/Content/Mannequin/Character/Materials/MaterialLayers/ML_Plastic_Shiny_Beige.uasset" 313
"D:/new skewl/MASTER_SHADOWSTEP/Content/Mannequin/Character/Textures/UE4_LOGO_CARD.uasset" 314
"D:/new skewl/MASTER_SHADOWSTEP/Content/Mannequin/Character/Materials/MaterialLayers/ML_Plastic_Shiny_Beige_LOGO.uasset" 315
"D:/new skewl/MASTER_SHADOWSTEP/Content/Mannequin/Character/Materials/MaterialLayers/T_ML_Aluminum01.uasset" 316
"D:/new skewl/MASTER_SHADOWSTEP/Content/Mannequin/Character/Materials/MaterialLayers/T_ML_Aluminum01_N.uasset" 317
"D:/new skewl/MASTER_SHADOWSTEP/Content/Mannequin/Character/Materials/MaterialLayers/ML_SoftMetal_UE4.uasset" 318
"D:/new skewl/MASTER_SHADOWSTEP/Content/Mannequin/Character/Textures/UE4_Mannequin__normals.uasset" 319
"D:/new skewl/MASTER_SHADOWSTEP/Content/Mannequin/Character/Textures/UE4_Mannequin_MAT_MASKA.uasset" 320
"D:/new skewl/MASTER_SHADOWSTEP/Content/Mannequin/Character/Materials/M_UE4Man_Body.uasset" 321
"D:/new skewl/MASTER_SHADOWSTEP/Content/Mannequin/Character/Textures/UE4Man_Logo_N.uasset" 322
"D:/new skewl/MASTER_SHADOWSTEP/Content/Mannequin/Character/Materials/M_UE4Man_ChestLogo.uasset" 323
"D:/new skewl/MASTER_SHADOWSTEP/Content/Mannequin/Character/Mesh/SK_Mannequin_PhysicsAsset.uasset" 324
"D:/new skewl/MASTER_SHADOWSTEP/Content/Mannequin/Character/Mesh/SK_Mannequin.uasset" 325
"../../Plugins/2D/Paper2D/Content/DefaultSpriteMaterial.uasset" 326
"../../Plugins/2D/Paper2D/Content/TranslucentUnlitSpriteMaterial.uasset" 327
"D:/new skewl/MASTER_SHADOWSTEP/Content/Sprites/combat.uasset" 328
"D:/new skewl/MASTER_SHADOWSTEP/Content/Sprites/combat_Sprite.uasset" 329
"D:/new skewl/MASTER_SHADOWSTEP/Content/Sprites/idle.uasset" 330
"D:/new skewl/MASTER_SHADOWSTEP/Content/Sprites/idle_Sprite.uasset" 331
"D:/new skewl/MASTER_SHADOWSTEP/Content/Sprites/search.uasset" 332
"D:/new skewl/MASTER_SHADOWSTEP/Content/Sprites/search_Sprite.uasset" 333
"D:/new skewl/MASTER_SHADOWSTEP/Content/ThirdPersonBP/Blueprints/AI.uasset" 334
"D:/new skewl/MASTER_SHADOWSTEP/Content/PlaceholderMaterials/AirborneShadow.uasset" 335
"D:/new skewl/MASTER_SHADOWSTEP/Content/PlaceholderMaterials/SurfaceShadow.uasset" 336
"../../../Engine/Content/BasicShapes/Sphere.uasset" 337
"D:/new skewl/MASTER_SHADOWSTEP/Content/Animations/MainCharacter/SkeletonMeshPhysics/PhysicsAsset.uasset" 338
"D:/new skewl/MASTER_SHADOWSTEP/Content/Animations/MainCharacter/SkeletonMeshPhysics/pushAnim.uasset" 339
"D:/new skewl/MASTER_SHADOWSTEP/Content/Assets/UI/Fail_Screen.uasset" 340
"D:/new skewl/MASTER_SHADOWSTEP/Content/Assets/MenuArt/1280_x_720__1_.uasset" 341
"D:/new skewl/MASTER_SHADOWSTEP/Content/Assets/MenuArt/1920_x_1080__1_.uasset" 342
"D:/new skewl/MASTER_SHADOWSTEP/Content/Assets/MenuArt/640_x_480__1_.uasset" 343
"D:/new skewl/MASTER_SHADOWSTEP/Content/Assets/MenuArt/Main_Menu_Button__1_.uasset" 344
"D:/new skewl/MASTER_SHADOWSTEP/Content/Assets/MenuArt/Quit_Game_Button__1_.uasset" 345
"D:/new skewl/MASTER_SHADOWSTEP/Content/Assets/MenuArt/Resolution_Button__1_.uasset" 346
"D:/new skewl/MASTER_SHADOWSTEP/Content/Assets/MenuArt/Settings_Button__1_.uasset" 347
"D:/new skewl/MASTER_SHADOWSTEP/Content/Assets/MenuArt/Shadow_Step_Main_Menu_1.uasset" 348
"D:/new skewl/MASTER_SHADOWSTEP/Content/Assets/MenuArt/Start_Game_Button__1_.uasset" 349
"D:/new skewl/MASTER_SHADOWSTEP/Content/ThirdPersonBP/Blueprints/MainMenuWidget.uasset" 350
"D:/new skewl/MASTER_SHADOWSTEP/Content/ThirdPersonBP/Blueprints/GameOver.uasset" 351
"D:/new skewl/MASTER_SHADOWSTEP/Content/Assets/MenuArt/Options_Button.uasset" 352
"D:/new skewl/MASTER_SHADOWSTEP/Content/Assets/MenuArt/Pause_Menu_no_buttons.uasset" 353
"D:/new skewl/MASTER_SHADOWSTEP/Content/Assets/MenuArt/Quit_Button.uasset" 354
"D:/new skewl/MASTER_SHADOWSTEP/Content/Assets/MenuArt/Resume_Button.uasset" 355
"D:/new skewl/MASTER_SHADOWSTEP/Content/ThirdPersonBP/Blueprints/PauseMenuWidget.uasset" 356
"D:/new skewl/MASTER_SHADOWSTEP/Content/StarterContent/Particles/Materials/m_flare_01.uasset" 357
"D:/new skewl/MASTER_SHADOWSTEP/Content/ThirdPersonBP/Blueprints/Targeting.uasset" 358
"D:/new skewl/MASTER_SHADOWSTEP/Content/Assets/UI/Win_Screen.uasset" 359
"D:/new skewl/MASTER_SHADOWSTEP/Content/ThirdPersonBP/Blueprints/WinScreen.uasset" 360
"D:/new skewl/MASTER_SHADOWSTEP/Content/ThirdPersonBP/Blueprints/ThirdPersonCharacter.uasset" 361
"D:/new skewl/MASTER_SHADOWSTEP/Content/BPs_Made/ShadowDiveBoxCollisions.uasset" 362
"D:/new skewl/MASTER_SHADOWSTEP/Content/BPs_Made/SpotLight_Blueprint.uasset" 363
"D:/new skewl/MASTER_SHADOWSTEP/Content/BPs_Made/Trigger_Blueprint.uasset" 364
"D:/new skewl/MASTER_SHADOWSTEP/Content/Geometry/Meshes/CubeMaterial.uasset" 365
"D:/new skewl/MASTER_SHADOWSTEP/Content/Geometry/Meshes/1M_Cube.uasset" 366
"D:/new skewl/MASTER_SHADOWSTEP/Content/Geometry/Meshes/TemplateFloor.uasset" 367
"D:/new skewl/MASTER_SHADOWSTEP/Content/Mannequin/Animations/ThirdPersonJump_End.uasset" 368
"D:/new skewl/MASTER_SHADOWSTEP/Content/PlaceholderMaterials/1280res.uasset" 369
"D:/new skewl/MASTER_SHADOWSTEP/Content/PlaceholderMaterials/1920res.uasset" 370
"D:/new skewl/MASTER_SHADOWSTEP/Content/PlaceholderMaterials/640res.uasset" 371
"D:/new skewl/MASTER_SHADOWSTEP/Content/PlaceholderMaterials/back.uasset" 372
"D:/new skewl/MASTER_SHADOWSTEP/Content/PlaceholderMaterials/bowling.uasset" 373
"D:/new skewl/MASTER_SHADOWSTEP/Content/PlaceholderMaterials/mainmenu.uasset" 374
"D:/new skewl/MASTER_SHADOWSTEP/Content/PlaceholderMaterials/quit.uasset" 375
"D:/new skewl/MASTER_SHADOWSTEP/Content/PlaceholderMaterials/resolution.uasset" 376
"D:/new skewl/MASTER_SHADOWSTEP/Content/PlaceholderMaterials/resume.uasset" 377
"D:/new skewl/MASTER_SHADOWSTEP/Content/PlaceholderMaterials/settings.uasset" 378
"D:/new skewl/MASTER_SHADOWSTEP/Content/PlaceholderMaterials/shooting.uasset" 379
"D:/new skewl/MASTER_SHADOWSTEP/Content/PlaceholderMaterials/start.uasset" 380
"D:/new skewl/MASTER_SHADOWSTEP/Content/PlaceholderMaterials/title.uasset" 381
"D:/new skewl/MASTER_SHADOWSTEP/Content/StarterContent/Materials/M_Basic_Wall.uasset" 382
"D:/new skewl/MASTER_SHADOWSTEP/Content/StarterContent/Architecture/Pillar_50x500.uasset" 383
"D:/new skewl/MASTER_SHADOWSTEP/Content/StarterContent/Architecture/Wall_400x300.uasset" 384
"D:/new skewl/MASTER_SHADOWSTEP/Content/StarterContent/Architecture/Wall_400x400.uasset" 385
"D:/new skewl/MASTER_SHADOWSTEP/Content/StarterContent/Architecture/Wall_500x500.uasset" 386
"D:/new skewl/MASTER_SHADOWSTEP/Content/StarterContent/Architecture/Wall_Door_400x400.uasset" 387
"D:/new skewl/MASTER_SHADOWSTEP/Content/StarterContent/Architecture/Wall_Window_400x400.uasset" 388
"D:/new skewl/MASTER_SHADOWSTEP/Content/StarterContent/Audio/Collapse01.uasset" 389
"D:/new skewl/MASTER_SHADOWSTEP/Content/StarterContent/Audio/Collapse02.uasset" 390
"D:/new skewl/MASTER_SHADOWSTEP/Content/StarterContent/Audio/Explosion01.uasset" 391
"D:/new skewl/MASTER_SHADOWSTEP/Content/StarterContent/Audio/Explosion02.uasset" 392
"D:/new skewl/MASTER_SHADOWSTEP/Content/StarterContent/Audio/Fire01.uasset" 393
"D:/new skewl/MASTER_SHADOWSTEP/Content/StarterContent/Audio/Fire_Sparks01.uasset" 394
"D:/new skewl/MASTER_SHADOWSTEP/Content/StarterContent/Audio/Light01.uasset" 395
"D:/new skewl/MASTER_SHADOWSTEP/Content/StarterContent/Audio/Light01_Cue.uasset" 396
"D:/new skewl/MASTER_SHADOWSTEP/Content/StarterContent/Audio/Light02.uasset" 397
"D:/new skewl/MASTER_SHADOWSTEP/Content/StarterContent/Audio/Light02_Cue.uasset" 398
"D:/new skewl/MASTER_SHADOWSTEP/Content/StarterContent/Audio/Smoke01.uasset" 399
"D:/new skewl/MASTER_SHADOWSTEP/Content/StarterContent/Audio/Starter_Birds01.uasset" 400
"D:/new skewl/MASTER_SHADOWSTEP/Content/StarterContent/Audio/Starter_Music01.uasset" 401
"D:/new skewl/MASTER_SHADOWSTEP/Content/StarterContent/Audio/Starter_Wind05.uasset" 402
"D:/new skewl/MASTER_SHADOWSTEP/Content/StarterContent/Audio/Starter_Wind06.uasset" 403
"D:/new skewl/MASTER_SHADOWSTEP/Content/StarterContent/Audio/Steam01.uasset" 404
"D:/new skewl/MASTER_SHADOWSTEP/Content/StarterContent/Audio/Explosion_Cue.uasset" 405
"D:/new skewl/MASTER_SHADOWSTEP/Content/StarterContent/Textures/T_Burst_M.uasset" 406
"D:/new skewl/MASTER_SHADOWSTEP/Content/StarterContent/Particles/Materials/M_Burst.uasset" 407
"D:/new skewl/MASTER_SHADOWSTEP/Content/StarterContent/Textures/T_Explosion_SubUV.uasset" 408
"D:/new skewl/MASTER_SHADOWSTEP/Content/StarterContent/Particles/Materials/M_explosion_subUV.uasset" 409
"../../../Engine/Content/Functions/Engine_MaterialFunctions01/Gradient/RadialGradient.uasset" 410
"D:/new skewl/MASTER_SHADOWSTEP/Content/StarterContent/Particles/Materials/M_radial_ramp.uasset" 411
"D:/new skewl/MASTER_SHADOWSTEP/Content/StarterContent/Particles/Materials/M_smoke_subUV.uasset" 412
"D:/new skewl/MASTER_SHADOWSTEP/Content/StarterContent/Particles/P_Explosion.uasset" 413
"D:/new skewl/MASTER_SHADOWSTEP/Content/StarterContent/Blueprints/Blueprint_Effect_Explosion.uasset" 414
"../../../Engine/Content/EditorMeshes/ColorCalibrator/T_ColorGrid.uasset" 415
"D:/new skewl/MASTER_SHADOWSTEP/Content/StarterContent/Materials/M_ColorGrid_LowSpec.uasset" 416
"D:/new skewl/MASTER_SHADOWSTEP/Content/StarterContent/Textures/T_Bush_D.uasset" 417
"D:/new skewl/MASTER_SHADOWSTEP/Content/StarterContent/Textures/T_Bush_N.uasset" 418
"D:/new skewl/MASTER_SHADOWSTEP/Content/StarterContent/Props/Materials/M_Bush.uasset" 419
"D:/new skewl/MASTER_SHADOWSTEP/Content/StarterContent/Props/SM_Bush.uasset" 420
"D:/new skewl/MASTER_SHADOWSTEP/Content/StarterContent/Textures/T_Chair_M.uasset" 421
"D:/new skewl/MASTER_SHADOWSTEP/Content/StarterContent/Textures/T_Chair_N.uasset" 422
"D:/new skewl/MASTER_SHADOWSTEP/Content/StarterContent/Props/Materials/M_Chair.uasset" 423
"D:/new skewl/MASTER_SHADOWSTEP/Content/StarterContent/Props/SM_Couch.uasset" 424
"D:/new skewl/MASTER_SHADOWSTEP/Content/StarterContent/Materials/M_Glass.uasset" 425
"D:/new skewl/MASTER_SHADOWSTEP/Content/StarterContent/Textures/T_Door_M.uasset" 426
"D:/new skewl/MASTER_SHADOWSTEP/Content/StarterContent/Textures/T_Door_N.uasset" 427
"D:/new skewl/MASTER_SHADOWSTEP/Content/StarterContent/Props/Materials/M_Door.uasset" 428
"D:/new skewl/MASTER_SHADOWSTEP/Content/StarterContent/Props/SM_Door.uasset" 429
"D:/new skewl/MASTER_SHADOWSTEP/Content/StarterContent/Props/Materials/M_MaterialSphere.uasset" 430
"D:/new skewl/MASTER_SHADOWSTEP/Content/StarterContent/Props/Materials/M_MaterialSphere_Plain.uasset" 431
"D:/new skewl/MASTER_SHADOWSTEP/Content/StarterContent/Props/SM_MatPreviewMesh_02.uasset" 432
"D:/new skewl/MASTER_SHADOWSTEP/Content/StarterContent/Textures/T_Detail_Rocky_N.uasset" 433
"D:/new skewl/MASTER_SHADOWSTEP/Content/StarterContent/Textures/T_Rock_Basalt_D.uasset" 434
"D:/new skewl/MASTER_SHADOWSTEP/Content/StarterContent/Textures/T_RockMesh_M.uasset" 435
"D:/new skewl/MASTER_SHADOWSTEP/Content/StarterContent/Textures/T_RockMesh_N.uasset" 436
"D:/new skewl/MASTER_SHADOWSTEP/Content/StarterContent/Props/Materials/M_Rock.uasset" 437
"D:/new skewl/MASTER_SHADOWSTEP/Content/StarterContent/Props/SM_Rock.uasset" 438
"D:/new skewl/MASTER_SHADOWSTEP/Content/StarterContent/Textures/T_Shelf_M.uasset" 439
"D:/new skewl/MASTER_SHADOWSTEP/Content/StarterContent/Textures/T_Shelf_N.uasset" 440
"D:/new skewl/MASTER_SHADOWSTEP/Content/StarterContent/Props/Materials/M_Shelf.uasset" 441
"D:/new skewl/MASTER_SHADOWSTEP/Content/StarterContent/Props/SM_Shelf.uasset" 442
"D:/new skewl/MASTER_SHADOWSTEP/Content/StarterContent/Materials/M_Basic_Floor.uasset" 443
"D:/new skewl/MASTER_SHADOWSTEP/Content/StarterContent/Props/SM_Stairs.uasset" 444
"D:/new skewl/MASTER_SHADOWSTEP/Content/StarterContent/Shapes/Shape_Cone.uasset" 445
"D:/new skewl/MASTER_SHADOWSTEP/Content/StarterContent/Shapes/Shape_Cylinder.uasset" 446
"D:/new skewl/MASTER_SHADOWSTEP/Content/StarterContent/Shapes/Shape_NarrowCapsule.uasset" 447
"D:/new skewl/MASTER_SHADOWSTEP/Content/StarterContent/Shapes/Shape_Pipe.uasset" 448
"D:/new skewl/MASTER_SHADOWSTEP/Content/StarterContent/Shapes/Shape_Pipe_180.uasset" 449
"D:/new skewl/MASTER_SHADOWSTEP/Content/StarterContent/Shapes/Shape_Pipe_90.uasset" 450
"D:/new skewl/MASTER_SHADOWSTEP/Content/StarterContent/Shapes/Shape_Plane.uasset" 451
"D:/new skewl/MASTER_SHADOWSTEP/Content/StarterContent/Shapes/Shape_Torus.uasset" 452
"D:/new skewl/MASTER_SHADOWSTEP/Content/StarterContent/Shapes/Shape_Trim.uasset" 453
"D:/new skewl/MASTER_SHADOWSTEP/Content/StarterContent/Shapes/Shape_Trim_90_In.uasset" 454
"D:/new skewl/MASTER_SHADOWSTEP/Content/StarterContent/Shapes/Shape_Trim_90_Out.uasset" 455
"D:/new skewl/MASTER_SHADOWSTEP/Content/StarterContent/Shapes/Shape_TriPyramid.uasset" 456
"D:/new skewl/MASTER_SHADOWSTEP/Content/StarterContent/Shapes/Shape_Tube.uasset" 457
"D:/new skewl/MASTER_SHADOWSTEP/Content/StarterContent/Shapes/Shape_Wedge_A.uasset" 458
"D:/new skewl/MASTER_SHADOWSTEP/Content/StarterContent/Shapes/Shape_Wedge_B.uasset" 459
"D:/new skewl/MASTER_SHADOWSTEP/Content/StarterContent/Shapes/Shape_WideCapsule.uasset" 460
"D:/new skewl/MASTER_SHADOWSTEP/Content/TestLevels/LevelOneDialogue.uasset" 461
"D:/new skewl/MASTER_SHADOWSTEP/Content/TestLevels/VS_Persistent_test_BuiltData.uasset" 462
"D:/new skewl/MASTER_SHADOWSTEP/Content/ThirdPersonBP/Blueprints/HealthInterface.uasset" 463
"D:/new skewl/MASTER_SHADOWSTEP/Content/ThirdPersonBP/Blueprints/CharacterBase.uasset" 464
"D:/new skewl/MASTER_SHADOWSTEP/Content/ThirdPersonBP/Blueprints/NewMaterial.uasset" 465
"D:/new skewl/MASTER_SHADOWSTEP/Content/ThirdPersonBP/Blueprints/ThirdPersonGameMode.uasset" 466
"../../../Engine/Content/EditorLandscapeResources/DataLayer.uasset" 467
"../../../Engine/Content/EditorMaterials/GizmoMaterial.uasset" 468
"../../../Engine/Content/EditorMaterials/MAT_Groups_Toggle.uasset" 469
"../../../Engine/Content/EditorMaterials/MAT_Groups_Visibility.uasset" 470
"../../../Engine/Content/EditorMaterials/PreviewShadowIndicator.uasset" 471
"../../../Engine/Content/EditorMaterials/PreviewShadowIndicatorMaterial.uasset" 472
"../../../Engine/Content/EditorMaterials/MatineeGroups/MAT_ColorTrack.uasset" 473
"../../../Engine/Content/EditorMaterials/MatineeGroups/MAT_Groups_Anim.uasset" 474
"../../../Engine/Content/EditorMaterials/MatineeGroups/MAT_Groups_AudioMaster.uasset" 475
"../../../Engine/Content/EditorMaterials/MatineeGroups/MAT_Groups_Director.uasset" 476
"../../../Engine/Content/EditorMaterials/MatineeGroups/MAT_Groups_Event.uasset" 477
"../../../Engine/Content/EditorMaterials/MatineeGroups/MAT_Groups_Fade.uasset" 478
"../../../Engine/Content/EditorMaterials/MatineeGroups/MAT_Groups_Float.uasset" 479
"../../../Engine/Content/EditorMaterials/MatineeGroups/MAT_Groups_Move.uasset" 480
"../../../Engine/Content/EditorMaterials/MatineeGroups/MAT_Groups_Slomo.uasset" 481
"../../../Engine/Content/EditorMaterials/MatineeGroups/MAT_Groups_Sound.uasset" 482
"../../../Engine/Content/EditorMaterials/MatineeGroups/MAT_Groups_Vector.uasset" 483
"../../../Engine/Content/EditorMaterials/ParticleSystems/PSysThumbnail_NoImage.uasset" 484
"../../../Engine/Content/EditorMaterials/ParticleSystems/PSysThumbnail_OOD.uasset" 485
"../../../Engine/Content/EditorMaterials/Camera/CineMat.uasset" 486
"../../../Engine/Content/EditorMaterials/Camera/MI_CineMat_Rig.uasset" 487
"../../../Engine/Content/EditorMeshes/Camera/SM_CraneRig_Arm.uasset" 488
"../../../Engine/Content/EditorMeshes/Camera/SM_CraneRig_Base.uasset" 489
"../../../Engine/Content/EditorMeshes/Camera/SM_CraneRig_Body.uasset" 490
"../../../Engine/Content/EditorMeshes/Camera/SM_CraneRig_Mount.uasset" 491
"../../../Engine/Content/EditorMeshes/Camera/SM_RailRig_Mount.uasset" 492
"../../../Engine/Content/EditorMeshes/Camera/SM_RailRig_Track.uasset" 493
"../../../Engine/Content/EditorResources/BSPVertex.uasset" 494
"../../../Engine/Content/EditorResources/EmptyActor.uasset" 495
"../../../Engine/Content/EditorResources/S_Actor.uasset" 496
"../../../Engine/Content/EditorResources/S_Trigger.uasset" 497
"../../../Engine/Content/EditorResources/AudioIcons/S_AudioComponent.uasset" 498
"../../../Engine/Content/EditorResources/AudioIcons/S_AudioComponent_AutoActivate.uasset" 499
"../../../Engine/Content/EditorResources/LightIcons/S_LightError.uasset" 500
"../../../Engine/Content/EditorResources/SequenceRecorder/Countdown.uasset" 501
"../../../Engine/Content/EditorResources/SequenceRecorder/RecordingIndicator.uasset" 502
"../../../Engine/Content/EditorSounds/Notifications/CompileFailed.uasset" 503
"../../../Engine/Content/EditorSounds/Notifications/CompileFailed_Cue.uasset" 504
"../../../Engine/Content/EditorSounds/Notifications/CompileSuccess.uasset" 505
"../../../Engine/Content/EditorSounds/Notifications/CompileStart_Cue.uasset" 506
"../../../Engine/Content/EditorSounds/Notifications/CompileSuccess_Cue.uasset" 507
"../../../Engine/Content/EngineDamageTypes/DmgTypeBP_Environmental.uasset" 508
"../../../Engine/Content/EngineDebugMaterials/HeatmapGradient.uasset" 509
"../../../Engine/Content/EngineDebugMaterials/BoneWeightMaterial.uasset" 510
"../../../Engine/Content/EngineDebugMaterials/ClothMaterial.uasset" 511
"../../../Engine/Content/EngineDebugMaterials/ClothMaterial_WF.uasset" 512
"../../../Engine/Content/EngineDebugMaterials/DebugEditorMaterial.uasset" 513
"../../../Engine/Content/EngineDebugMaterials/DebugMeshMaterial.uasset" 514
"../../../Engine/Content/EngineDebugMaterials/GeomMaterial.uasset" 515
"../../../Engine/Content/EngineFonts/Faces/RobotoBold.uasset" 516
"../../../Engine/Content/EngineFonts/Faces/RobotoBoldItalic.uasset" 517
"../../../Engine/Content/EngineFonts/Faces/RobotoItalic.uasset" 518
"../../../Engine/Content/EngineFonts/Faces/RobotoLight.uasset" 519
"../../../Engine/Content/EngineFonts/Faces/RobotoRegular.uasset" 520
"../../../Engine/Content/EngineFonts/Roboto.uasset" 521
"../../../Engine/Content/EngineFonts/Faces/RobotoTiny.uasset" 522
"../../../Engine/Content/EngineFonts/RobotoTiny.uasset" 523
"../../../Engine/Content/EngineMaterials/DefaultBloomKernel.uasset" 524
"../../../Engine/Content/EngineMaterials/DefaultBokeh.uasset" 525
"../../../Engine/Content/EngineMaterials/DefaultDiffuse.uasset" 526
"../../../Engine/Content/EngineMaterials/DefaultDeferredDecalMaterial.uasset" 527
"../../../Engine/Content/EngineMaterials/DefaultLightFunctionMaterial.uasset" 528
"../../../Engine/Content/EngineMaterials/DefaultPhysicalMaterial.uasset" 529
"../../../Engine/Content/Functions/Engine_MaterialFunctions02/Utility/BreakOutFloat2Components.uasset" 530
"../../../Engine/Content/EngineMaterials/DefaultPostProcessMaterial.uasset" 531
"../../../Engine/Content/EngineFonts/RobotoDistanceField.uasset" 532
"../../../Engine/Content/EngineMaterials/DefaultTextMaterialOpaque.uasset" 533
"../../../Engine/Content/EngineMaterials/DefaultWhiteGrid.uasset" 534
"../../../Engine/Content/EngineMaterials/EditorBrushMaterial.uasset" 535
"../../../Engine/Content/EngineMaterials/Good64x64TilingNoiseHighFreq.uasset" 536
"../../../Engine/Content/EngineMaterials/MiniFont.uasset" 537
"../../../Engine/Content/EngineMaterials/InvalidLightmapSettings.uasset" 538
"../../../Engine/Content/EngineMaterials/M_InvalidLightmapSettings.uasset" 539
"../../../Engine/Content/Functions/Engine_MaterialFunctions02/WorldPositionOffset/CameraOffset.uasset" 540
"../../../Engine/Content/EngineMaterials/PhAT_JointLimitMaterial.uasset" 541
"../../../Engine/Content/EngineMaterials/PreintegratedSkinBRDF.uasset" 542
"../../../Engine/Content/EngineMaterials/RemoveSurfaceMaterial.uasset" 543
"../../../Engine/Content/EngineMaterials/WeightMapPlaceholderTexture.uasset" 544
"../../../Engine/Content/EngineResources/WhiteSquareTexture.uasset" 545
"../../../Engine/Content/EngineMaterials/Widget3DPassThrough.uasset" 546
"../../../Engine/Content/EngineMaterials/Widget3DPassThrough_Masked.uasset" 547
"../../../Engine/Content/EngineMaterials/Widget3DPassThrough_Opaque.uasset" 548
"../../../Engine/Content/EngineMaterials/Widget3DPassThrough_Masked_OneSided.uasset" 549
"../../../Engine/Content/EngineMaterials/Widget3DPassThrough_Opaque_OneSided.uasset" 550
"../../../Engine/Content/EngineMaterials/Widget3DPassThrough_Translucent.uasset" 551
"../../../Engine/Content/EngineMaterials/Widget3DPassThrough_Translucent_OneSided.uasset" 552
"../../../Engine/Content/EngineMeshes/Cube.uasset" 553
"../../../Engine/Content/EngineMeshes/Cylinder.uasset" 554
"../../../Engine/Content/EngineMeshes/Sphere.uasset" 555
"../../../Engine/Content/EngineResources/Black.uasset" 556
"../../../Engine/Content/EngineResources/DefaultTexture.uasset" 557
"../../../Engine/Content/EngineResources/DefaultTextureCube.uasset" 558
"../../../Engine/Content/EngineResources/GradientTexture0.uasset" 559
"../../../Engine/Content/EngineSounds/Master.uasset" 560
"../../../Engine/Content/Functions/Engine_MaterialFunctions01/Shading/ConvertFromDiffSpec.uasset" 561
"../../../Engine/Content/Functions/Engine_MaterialFunctions01/Shading/PowerToRoughness.uasset" 562
"../../../Engine/Content/Maps/Templates/Thumbnails/Default.uasset" 563
"../../../Engine/Content/Maps/Templates/Thumbnails/VR-Basic.uasset" 564
"../../../Engine/Content/MobileResources/T_MobileControls_texture.uasset" 565
"../../../Engine/Content/MobileResources/T_MobileMenu2.uasset" 566
"../../../Engine/Content/MobileResources/HUD/AnalogHat.uasset" 567
"../../../Engine/Content/MobileResources/HUD/VirtualJoystick_Background.uasset" 568
"../../../Engine/Content/MobileResources/HUD/VirtualJoystick_Thumb.uasset" 569
"../../../Engine/Content/MobileResources/HUD/DefaultVirtualJoysticks.uasset" 570
"../../../Engine/Content/MobileResources/HUD/LeftVirtualJoystickOnly.uasset" 571
"../../../Engine/Content/MobileResources/HUD/MobileHUDButton1_off.uasset" 572
"../../../Engine/Content/MobileResources/HUD/MobileHUDButton1_on.uasset" 573
"../../../Engine/Content/MobileResources/HUD/MobileHUDButton2_off.uasset" 574
"../../../Engine/Content/MobileResources/HUD/MobileHUDButton2_on.uasset" 575
"../../../Engine/Content/MobileResources/HUD/MobileHUDButton3.uasset" 576
"../../../Engine/Content/MobileResources/HUD/MobileHUDButtonFire.uasset" 577
"../../../Engine/Content/MobileResources/HUD/MobileHUDDirectionPad.uasset" 578
"../../../Engine/Content/MobileResources/HUD/MobileHUDDirectionPad2.uasset" 579
"../../../Engine/Content/MobileResources/HUD/MobileHUDDirectionPad3.uasset" 580
"../../../Engine/Content/MobileResources/HUD/MobileHUDDirectionStick.uasset" 581
"../../../Engine/Content/MobileResources/HUD/T_Castle_ThumbstickInner.uasset" 582
"../../../Engine/Content/MobileResources/HUD/T_Castle_ThumbstickOutter.uasset" 583
"../../../Engine/Content/Tutorial/ContentIntroCurve.uasset" 584
"../../../Engine/Content/Tutorial/Basics/TutorialAssets/icon_tab_Levels_40x.uasset" 585
"../../../Engine/Content/Tutorial/BlueprintTutorials/TutorialAssets/BlueprintInterface_64x.uasset" 586
"../../../Engine/Content/Tutorial/BlueprintTutorials/TutorialAssets/BlueprintMacroLibrary_64x.uasset" 587
"../../../Engine/Content/Tutorial/BlueprintTutorials/TutorialAssets/Blueprint_64x.uasset" 588
"../../../Engine/Content/Tutorial/BlueprintTutorials/TutorialAssets/Tutorial_BP_Interface.uasset" 589
"../../../Engine/Content/Tutorial/Foliage/TutorialAssets/Foliage.uasset" 590
"../../../Engine/Content/Tutorial/Landscape/TutorialAssets/Landscape.uasset" 591
"../../../Engine/Content/Tutorial/Paper2D/TutorialAssets/Paper2DFlipbook_TutorialIcon.uasset" 592
"../../../Engine/Content/Tutorial/Paper2D/TutorialAssets/Paper2DSprite_TutorialIcon.uasset" 593
"../../../Engine/Content/Tutorial/SubEditors/TutorialAssets/icon_Editor_Preferences_General_40x.uasset" 594
"../../../Engine/Content/Tutorial/SubEditors/TutorialAssets/icon_ShowSkeletalMeshes_40x.uasset" 595
"../../../Engine/Content/Tutorial/SubEditors/TutorialAssets/TutorialMaterial.uasset" 596
"../../../Engine/Content/Tutorial/SubEditors/TutorialAssets/T_SmokeSubUV_8X8.uasset" 597
"../../../Engine/Content/Tutorial/SubEditors/TutorialAssets/T_soft_smoke.uasset" 598
"../../../Engine/Content/Tutorial/SubEditors/TutorialAssets/M_smoke_subUV_blackbody.uasset" 599
"../../../Engine/Content/Tutorial/SubEditors/TutorialAssets/TutorialParticleSystem.uasset" 600
"../../../Engine/Content/VREditor/Devices/Generic/GenericHMDMaterial.uasset" 601
"../../../Engine/Content/VREditor/Devices/Generic/GenericHMD.uasset" 602
"../../../Engine/Content/Functions/Engine_MaterialFunctions02/Utility/BreakOutFloat3Components.uasset" 603
"../../../Engine/Content/VREditor/Devices/Vive/VivePreController_MasksB.uasset" 604
"../../../Engine/Content/VREditor/Devices/Oculus/OculusControllerMaterial.uasset" 605
"../../../Engine/Content/VREditor/Devices/Oculus/OculusControllerMaterial_Inst.uasset" 606
"../../../Engine/Content/VREditor/Devices/Oculus/OculusControllerMesh.uasset" 607
"../../../Engine/Content/VREditor/Devices/Vive/T_VivePreController_EM.uasset" 608
"../../../Engine/Content/VREditor/Devices/Vive/VivePreController_MasksA.uasset" 609
"../../../Engine/Content/VREditor/Devices/Vive/VivePreControllerDiffuse.uasset" 610
"../../../Engine/Content/VREditor/Devices/Vive/VivePreControllerSpec.uasset" 611
"../../../Engine/Content/VREditor/LaserPointer/VR_LaserPower_01.uasset" 612
"../../../Engine/Content/VREditor/Devices/Vive/VivePreControllerMaterial.uasset" 613
"../../../Engine/Content/VREditor/Devices/Vive/VivePreControllerMaterial_Inst.uasset" 614
"../../../Engine/Content/VREditor/Devices/Vive/VivePreControllerMesh.uasset" 615
"../../../Engine/Content/VREditor/FloatingText/LineMaterial.uasset" 616
"../../../Engine/Content/VREditor/FloatingText/JointSphere.uasset" 617
"../../../Engine/Content/VREditor/FloatingText/LineSegmentCylinder.uasset" 618
"../../../Engine/Content/VREditor/Fonts/VRText_RobotoLarge.uasset" 619
"../../../Engine/Content/VREditor/Fonts/VRTextMaterial.uasset" 620
"../../../Engine/Content/VREditor/Fonts/TranslucentVRTextMaterial.uasset" 621
"../../../Engine/Content/VREditor/LaserPointer/CursorPointer.uasset" 622
"../../../Engine/Content/VREditor/TransformGizmo/TransformGizmoMaterial.uasset" 623
"../../../Engine/Content/VREditor/LaserPointer/HoverMaterial.uasset" 624
"../../../Engine/Content/VREditor/TransformGizmo/TranslucentTransformGizmoMaterial.uasset" 625
"../../../Engine/Content/VREditor/LaserPointer/TranslucentHoverMaterial.uasset" 626
"../../../Engine/Content/VREditor/LaserPointer/HoverMesh.uasset" 627
"../../../Engine/Content/VREditor/LaserPointer/LaserPointerMaterial.uasset" 628
"../../../Engine/Content/VREditor/LaserPointer/LaserPointerMaterialInst.uasset" 629
"../../../Engine/Content/VREditor/LaserPointer/TranslucentLaserPointerMaterialInst.uasset" 630
"../../../Engine/Content/VREditor/LaserPointer/LaserPointerMesh.uasset" 631
"../../../Engine/Content/VREditor/LaserPointer/LaserPointerMesh_End.uasset" 632
"../../../Engine/Content/VREditor/LaserPointer/LaserPointerMesh_Start.uasset" 633
"../../../Engine/Content/VREditor/Sounds/VR_teleport.uasset" 634
"../../../Engine/Content/VREditor/Sounds/UI/Click_on_Button.uasset" 635
"../../../Engine/Content/VREditor/Sounds/UI/Click_on_Button_Cue.uasset" 636
"../../../Engine/Content/VREditor/Sounds/UI/Dockable_Window_Close.uasset" 637
"../../../Engine/Content/VREditor/Sounds/UI/Dockable_Window_Drop.uasset" 638
"../../../Engine/Content/VREditor/Sounds/UI/Dockable_Window_Open.uasset" 639
"../../../Engine/Content/VREditor/Sounds/UI/Dockable_Window_Pick_Up.uasset" 640
"../../../Engine/Content/VREditor/Sounds/UI/Drop_Item_From_ContentBrowser.uasset" 641
"../../../Engine/Content/VREditor/Sounds/UI/Floating_UI_Open-001.uasset" 642
"../../../Engine/Content/VREditor/Sounds/UI/Radial_Menu_FadeOut.uasset" 643
"../../../Engine/Content/VREditor/Sounds/UI/Teleport_Mode_Entered.uasset" 644
"../../../Engine/Content/VREditor/Teleport/TeleportDirectionMaterial.uasset" 645
"../../../Engine/Content/VREditor/Teleport/TeleportDirectionMaterial_Inst.uasset" 646
"../../../Engine/Content/VREditor/Teleport/TeleportDirectionMesh.uasset" 647
"../../../Engine/Content/VREditor/TransformGizmo/BoundingBoxCorner.uasset" 648
"../../../Engine/Content/VREditor/TransformGizmo/BoundingBoxEdge.uasset" 649
"../../../Engine/Content/VREditor/TransformGizmo/PlaneTranslationHandle.uasset" 650
"../../../Engine/Content/VREditor/TransformGizmo/Main.uasset" 651
"../../../Engine/Content/VREditor/TransformGizmo/Xray.uasset" 652
"../../../Engine/Content/VREditor/TransformGizmo/SM_Dialog_Close.uasset" 653
"../../../Engine/Content/VREditor/TransformGizmo/SM_Dialog_Move.uasset" 654
"../../../Engine/Content/VREditor/TransformGizmo/SM_Sequencer_Key.uasset" 655
"../../../Engine/Content/VREditor/TransformGizmo/SM_Sequencer_Node.uasset" 656
"../../../Engine/Content/VREditor/TransformGizmo/TransformGizmoMaterial_Inst.uasset" 657
"../../../Engine/Content/VREditor/TransformGizmo/TranslucentTransformGizmoMaterial_Inst.uasset" 658
"../../../Engine/Content/VREditor/Devices/Vive/UE4_Logo.uasset" 659
"../../../Engine/Content/VREditor/UI/M_ContentWindow.uasset" 660
"../../../Engine/Content/VREditor/UI/SM_ContentWindow_01.uasset" 661
"../../../Engine/Content/VREditor/UI/KeyDiskMaterial.uasset" 662
"../../../Engine/Content/VREditor/UI/DiscMaterial.uasset" 663
"../../../Engine/Content/VREditor/UI/SM_Radial_Disk.uasset" 664
"../../../Engine/Content/VREditor/UI/ArrowMaterial.uasset" 665
"../../../Engine/Content/VREditor/UI/SM_Radial_Pointer.uasset" 666
"../../../Engine/Content/VREditor/WorldMovementGrid/SimpleGrid.uasset" 667
"../../../Engine/Content/VREditor/WorldMovementGrid/GridMaterial.uasset" 668
"../../../Engine/Content/Functions/Engine_MaterialFunctions01/Density/ExponentialDensity.uasset" 669
"../../../Engine/Content/VREditor/WorldMovementGrid/GridPostProcess.uasset" 670
"../../../Engine/Content/EditorLandscapeResources/FlattenHeightMat.uasset" 671
"../../../Engine/Content/VREditor/WorldMovementGrid/PlaneMesh.uasset" 672
"../../Plugins/2D/Paper2D/Content/PlaceholderTextures/DummySpriteTexture.uasset" 673
"../../Plugins/2D/Paper2D/Content/DummySprite.uasset" 674
"../../Plugins/2D/Paper2D/Content/DefaultPaperTerrainMaterial.uasset" 675
"../../Plugins/2D/Paper2D/Content/MaskedUnlitSpriteMaterial.uasset" 676
"../../Plugins/2D/Paper2D/Content/OpaqueUnlitSpriteMaterial.uasset" 677
"../../Plugins/Media/MediaCompositing/Content/DefaultMediaPlaneTexture.uasset" 678
"../../Plugins/Media/MediaCompositing/Content/DefaultMediaPlaneMaterial.uasset" 679
"../../../Engine/Content/Functions/Engine_MaterialFunctions02/Utility/MakeFloat4.uasset" 680
"../../Plugins/Runtime/AppleARKit/Content/ARKitCameraMaterial.uasset" 681
"../../Plugins/Runtime/Oculus/OculusVR/Content/Textures/GearVRController_AO.uasset" 682
"../../Plugins/Runtime/Oculus/OculusVR/Content/Textures/GearVRController_Color.uasset" 683
"../../Plugins/Runtime/Oculus/OculusVR/Content/Textures/GearVRController_Normal.uasset" 684
"../../Plugins/Runtime/Oculus/OculusVR/Content/Materials/GearVRControllerMaterial.uasset" 685
"../../Plugins/Runtime/Oculus/OculusVR/Content/Meshes/GearVrController.uasset" 686
"D:/new skewl/MASTER_SHADOWSTEP/Content/StarterContent/Blueprints/Assets/FogBrightnessLUT.uasset" 687
"D:/new skewl/MASTER_SHADOWSTEP/Content/StarterContent/Blueprints/Assets/SunlightColorLUT.uasset" 688
"D:/new skewl/MASTER_SHADOWSTEP/Content/StarterContent/Blueprints/Assets/M_LightStage_Arrows.uasset" 689
"../../../Engine/Content/MapTemplates/Sky/DaylightAmbientCubemap.uasset" 690
"D:/new skewl/MASTER_SHADOWSTEP/Content/StarterContent/Blueprints/Assets/M_LightStage_Skybox_Master.uasset" 691
"D:/new skewl/MASTER_SHADOWSTEP/Content/StarterContent/Blueprints/Assets/M_LightStage_Skybox_Black.uasset" 692
"D:/new skewl/MASTER_SHADOWSTEP/Content/StarterContent/Blueprints/Assets/M_LightStage_Skybox_HDRI.uasset" 693
"../../../Engine/Content/EditorMaterials/Thumbnails/SkySphereMaterial.uasset" 694
"D:/new skewl/MASTER_SHADOWSTEP/Content/StarterContent/Blueprints/Assets/Skybox.uasset" 695
"D:/new skewl/MASTER_SHADOWSTEP/Content/StarterContent/Blueprints/Assets/SM_Arrows.uasset" 696
"D:/new skewl/MASTER_SHADOWSTEP/Content/StarterContent/HDRI/HDRI_Epic_Courtyard_Daylight.uasset" 697
"D:/new skewl/MASTER_SHADOWSTEP/Content/StarterContent/Blueprints/BP_LightStudio.uasset" 698
"D:/new skewl/MASTER_SHADOWSTEP/Content/StarterContent/Maps/Advanced_Lighting_BuiltData.uasset" 699
"D:/new skewl/MASTER_SHADOWSTEP/Content/StarterContent/Materials/M_AssetPlatform.uasset" 700
"../../../Engine/Content/EditorMeshes/ColorCalibrator/M_ChromeBall.uasset" 701
"../../../Engine/Content/EditorMeshes/ColorCalibrator/M_ClearCoat.uasset" 702
"../../../Engine/Content/EditorMeshes/ColorCalibrator/M_ClearCoatBlack.uasset" 703
"../../../Engine/Content/EditorMeshes/ColorCalibrator/Color_checker.uasset" 704
"../../../Engine/Content/EditorMeshes/ColorCalibrator/M_ColorGrid.uasset" 705
"../../../Engine/Content/EditorMeshes/ColorCalibrator/M_GreyBall.uasset" 706
"../../../Engine/Content/EditorMeshes/ColorCalibrator/SM_ColorCalibrator.uasset" 707
"D:/new skewl/MASTER_SHADOWSTEP/Content/StarterContent/Architecture/SM_AssetPlatform.uasset" 708
"D:/new skewl/MASTER_SHADOWSTEP/Content/StarterContent/Maps/Advanced_Lighting.umap" 709
"../../../Engine/Content/EngineSky/C_Sky_Cloud_Color.uasset" 710
"../../../Engine/Content/EngineSky/C_Sky_Horizon_Color.uasset" 711
"../../../Engine/Content/EngineSky/C_Sky_Zenith_Color.uasset" 712
"../../../Engine/Content/EngineSky/T_Sky_Blue.uasset" 713
"../../../Engine/Content/EngineSky/T_Sky_Clouds_M.uasset" 714
"../../../Engine/Content/EngineSky/T_Sky_Stars.uasset" 715
"../../../Engine/Content/EngineSky/M_Sky_Panning_Clouds2.uasset" 716
"../../../Engine/Content/EngineSky/SM_SkySphere.uasset" 717
"../../../Engine/Content/EngineSky/BP_Sky_Sphere.uasset" 718
"D:/new skewl/MASTER_SHADOWSTEP/Content/StarterContent/Maps/Minimal_Default_BuiltData.uasset" 719
"D:/new skewl/MASTER_SHADOWSTEP/Content/StarterContent/Textures/T_MacroVariation.uasset" 720
"D:/new skewl/MASTER_SHADOWSTEP/Content/StarterContent/Materials/M_Metal_Brushed_Nickel.uasset" 721
"D:/new skewl/MASTER_SHADOWSTEP/Content/StarterContent/Textures/T_Metal_Aluminum_D.uasset" 722
"D:/new skewl/MASTER_SHADOWSTEP/Content/StarterContent/Textures/T_Metal_Gold_N.uasset" 723
"D:/new skewl/MASTER_SHADOWSTEP/Content/StarterContent/Materials/M_Metal_Burnished_Steel.uasset" 724
"D:/new skewl/MASTER_SHADOWSTEP/Content/StarterContent/Textures/T_Metal_Copper_D.uasset" 725
"D:/new skewl/MASTER_SHADOWSTEP/Content/StarterContent/Materials/M_Metal_Copper.uasset" 726
"D:/new skewl/MASTER_SHADOWSTEP/Content/StarterContent/Textures/T_Statue_M.uasset" 727
"D:/new skewl/MASTER_SHADOWSTEP/Content/StarterContent/Textures/T_Statue_N.uasset" 728
"D:/new skewl/MASTER_SHADOWSTEP/Content/StarterContent/Props/Materials/M_StatueGlass.uasset" 729
"D:/new skewl/MASTER_SHADOWSTEP/Content/StarterContent/Architecture/Floor_400x400.uasset" 730
"D:/new skewl/MASTER_SHADOWSTEP/Content/StarterContent/Audio/Starter_Background_Cue.uasset" 731
"D:/new skewl/MASTER_SHADOWSTEP/Content/StarterContent/Props/SM_Chair.uasset" 732
"D:/new skewl/MASTER_SHADOWSTEP/Content/StarterContent/Props/Materials/M_Statue.uasset" 733
"D:/new skewl/MASTER_SHADOWSTEP/Content/StarterContent/Props/SM_Statue.uasset" 734
"D:/new skewl/MASTER_SHADOWSTEP/Content/StarterContent/Textures/T_TableRound_M.uasset" 735
"D:/new skewl/MASTER_SHADOWSTEP/Content/StarterContent/Textures/T_TableRound_N.uasset" 736
"D:/new skewl/MASTER_SHADOWSTEP/Content/StarterContent/Props/Materials/M_TableRound.uasset" 737
"D:/new skewl/MASTER_SHADOWSTEP/Content/StarterContent/Props/SM_TableRound.uasset" 738
"D:/new skewl/MASTER_SHADOWSTEP/Content/StarterContent/Maps/Minimal_Default.umap" 739
"D:/new skewl/MASTER_SHADOWSTEP/Content/StarterContent/Audio/Fire01_Cue.uasset" 740
"D:/new skewl/MASTER_SHADOWSTEP/Content/StarterContent/Textures/T_Fire_SubUV.uasset" 741
"D:/new skewl/MASTER_SHADOWSTEP/Content/StarterContent/Textures/T_Fire_Tiled_D.uasset" 742
"D:/new skewl/MASTER_SHADOWSTEP/Content/StarterContent/Particles/Materials/M_Fire_SubUV.uasset" 743
"D:/new skewl/MASTER_SHADOWSTEP/Content/StarterContent/Textures/T_Water_N.uasset" 744
"D:/new skewl/MASTER_SHADOWSTEP/Content/StarterContent/Particles/Materials/M_Heat_Distortion.uasset" 745
"D:/new skewl/MASTER_SHADOWSTEP/Content/StarterContent/Particles/Materials/M_Radial_Gradient.uasset" 746
"D:/new skewl/MASTER_SHADOWSTEP/Content/StarterContent/Particles/P_Fire.uasset" 747
"D:/new skewl/MASTER_SHADOWSTEP/Content/StarterContent/Blueprints/Blueprint_Effect_Fire.uasset" 748
"D:/new skewl/MASTER_SHADOWSTEP/Content/StarterContent/Audio/Smoke01_Cue.uasset" 749
"D:/new skewl/MASTER_SHADOWSTEP/Content/StarterContent/Particles/P_Smoke.uasset" 750
"D:/new skewl/MASTER_SHADOWSTEP/Content/StarterContent/Blueprints/Blueprint_Effect_Smoke.uasset" 751
"D:/new skewl/MASTER_SHADOWSTEP/Content/StarterContent/Audio/Fire_Sparks01_Cue.uasset" 752
"D:/new skewl/MASTER_SHADOWSTEP/Content/StarterContent/Textures/T_Spark_Core.uasset" 753
"D:/new skewl/MASTER_SHADOWSTEP/Content/StarterContent/Particles/Materials/M_Spark.uasset" 754
"D:/new skewl/MASTER_SHADOWSTEP/Content/StarterContent/Particles/P_Sparks.uasset" 755
"D:/new skewl/MASTER_SHADOWSTEP/Content/StarterContent/Blueprints/Blueprint_Effect_Sparks.uasset" 756
"D:/new skewl/MASTER_SHADOWSTEP/Content/StarterContent/Audio/Steam01_Cue.uasset" 757
"D:/new skewl/MASTER_SHADOWSTEP/Content/StarterContent/Particles/P_Steam_Lit.uasset" 758
"D:/new skewl/MASTER_SHADOWSTEP/Content/StarterContent/Blueprints/Blueprint_Effect_Steam.uasset" 759
"D:/new skewl/MASTER_SHADOWSTEP/Content/StarterContent/Textures/T_Lamp_M.uasset" 760
"D:/new skewl/MASTER_SHADOWSTEP/Content/StarterContent/Textures/T_Lamp_N.uasset" 761
"D:/new skewl/MASTER_SHADOWSTEP/Content/StarterContent/Props/Materials/M_Lamp.uasset" 762
"D:/new skewl/MASTER_SHADOWSTEP/Content/StarterContent/Props/SM_Lamp_Ceiling.uasset" 763
"D:/new skewl/MASTER_SHADOWSTEP/Content/StarterContent/Blueprints/Blueprint_CeilingLight.uasset" 764
"D:/new skewl/MASTER_SHADOWSTEP/Content/StarterContent/Props/SM_Lamp_Wall.uasset" 765
"D:/new skewl/MASTER_SHADOWSTEP/Content/StarterContent/Blueprints/Blueprint_WallSconce.uasset" 766
"D:/new skewl/MASTER_SHADOWSTEP/Content/StarterContent/Maps/StarterMap_BuiltData.uasset" 767
"../../../Engine/Content/Functions/Engine_MaterialFunctions03/Procedurals/ComputeFilterWidth.uasset" 768
"../../../Engine/Content/EngineMaterials/AntiAliasedTextMaterialTranslucent.uasset" 769
"D:/new skewl/MASTER_SHADOWSTEP/Content/StarterContent/Textures/T_Brick_Clay_Beveled_D.uasset" 770
"D:/new skewl/MASTER_SHADOWSTEP/Content/StarterContent/Textures/T_Brick_Clay_Beveled_M.uasset" 771
"D:/new skewl/MASTER_SHADOWSTEP/Content/StarterContent/Textures/T_Brick_Clay_Beveled_N.uasset" 772
"D:/new skewl/MASTER_SHADOWSTEP/Content/StarterContent/Materials/M_Brick_Clay_Beveled.uasset" 773
"D:/new skewl/MASTER_SHADOWSTEP/Content/StarterContent/Textures/T_Brick_Clay_New_D.uasset" 774
"D:/new skewl/MASTER_SHADOWSTEP/Content/StarterContent/Textures/T_Brick_Clay_New_M.uasset" 775
"D:/new skewl/MASTER_SHADOWSTEP/Content/StarterContent/Textures/T_Brick_Clay_New_N.uasset" 776
"D:/new skewl/MASTER_SHADOWSTEP/Content/StarterContent/Materials/M_Brick_Clay_New.uasset" 777
"D:/new skewl/MASTER_SHADOWSTEP/Content/StarterContent/Textures/T_Brick_Clay_Old_D.uasset" 778
"D:/new skewl/MASTER_SHADOWSTEP/Content/StarterContent/Textures/T_Brick_Clay_Old_N.uasset" 779
"D:/new skewl/MASTER_SHADOWSTEP/Content/StarterContent/Textures/T_Perlin_Noise_M.uasset" 780
"D:/new skewl/MASTER_SHADOWSTEP/Content/StarterContent/Materials/M_Brick_Clay_Old.uasset" 781
"D:/new skewl/MASTER_SHADOWSTEP/Content/StarterContent/Textures/T_Brick_Cut_Stone_D.uasset" 782
"D:/new skewl/MASTER_SHADOWSTEP/Content/StarterContent/Textures/T_Brick_Cut_Stone_N.uasset" 783
"D:/new skewl/MASTER_SHADOWSTEP/Content/StarterContent/Materials/M_Brick_Cut_Stone.uasset" 784
"D:/new skewl/MASTER_SHADOWSTEP/Content/StarterContent/Textures/T_Brick_Hewn_Stone_D.uasset" 785
"D:/new skewl/MASTER_SHADOWSTEP/Content/StarterContent/Textures/T_Brick_Hewn_Stone_M.uasset" 786
"D:/new skewl/MASTER_SHADOWSTEP/Content/StarterContent/Textures/T_Brick_Hewn_Stone_N.uasset" 787
"D:/new skewl/MASTER_SHADOWSTEP/Content/StarterContent/Materials/M_Brick_Hewn_Stone.uasset" 788
"D:/new skewl/MASTER_SHADOWSTEP/Content/StarterContent/Textures/T_Ceramic_Tile_M.uasset" 789
"D:/new skewl/MASTER_SHADOWSTEP/Content/StarterContent/Textures/T_Ceramic_Tile_N.uasset" 790
"D:/new skewl/MASTER_SHADOWSTEP/Content/StarterContent/Textures/T_Rock_Marble_Polished_D.uasset" 791
"D:/new skewl/MASTER_SHADOWSTEP/Content/StarterContent/Materials/M_Ceramic_Tile_Checker.uasset" 792
"D:/new skewl/MASTER_SHADOWSTEP/Content/StarterContent/Textures/T_CobbleStone_Pebble_D.uasset" 793
"D:/new skewl/MASTER_SHADOWSTEP/Content/StarterContent/Textures/T_CobbleStone_Pebble_M.uasset" 794
"D:/new skewl/MASTER_SHADOWSTEP/Content/StarterContent/Textures/T_CobbleStone_Pebble_N.uasset" 795
"D:/new skewl/MASTER_SHADOWSTEP/Content/StarterContent/Materials/M_CobbleStone_Pebble.uasset" 796
"D:/new skewl/MASTER_SHADOWSTEP/Content/StarterContent/Textures/T_CobbleStone_Rough_D.uasset" 797
"D:/new skewl/MASTER_SHADOWSTEP/Content/StarterContent/Textures/T_CobbleStone_Rough_N.uasset" 798
"D:/new skewl/MASTER_SHADOWSTEP/Content/StarterContent/Textures/T_Gradinet_01.uasset" 799
"D:/new skewl/MASTER_SHADOWSTEP/Content/StarterContent/Textures/T_Rock_Smooth_Granite_D.uasset" 800
"D:/new skewl/MASTER_SHADOWSTEP/Content/StarterContent/Materials/M_CobbleStone_Rough.uasset" 801
"D:/new skewl/MASTER_SHADOWSTEP/Content/StarterContent/Textures/T_CobbleStone_Smooth_D.uasset" 802
"D:/new skewl/MASTER_SHADOWSTEP/Content/StarterContent/Textures/T_CobbleStone_Smooth_M.uasset" 803
"D:/new skewl/MASTER_SHADOWSTEP/Content/StarterContent/Textures/T_CobbleStone_Smooth_N.uasset" 804
"D:/new skewl/MASTER_SHADOWSTEP/Content/StarterContent/Materials/M_CobbleStone_Smooth.uasset" 805
"D:/new skewl/MASTER_SHADOWSTEP/Content/StarterContent/Textures/T_Concrete_Grime_D.uasset" 806
"D:/new skewl/MASTER_SHADOWSTEP/Content/StarterContent/Textures/T_Metal_Rust_N.uasset" 807
"D:/new skewl/MASTER_SHADOWSTEP/Content/StarterContent/Materials/M_Concrete_Grime.uasset" 808
"D:/new skewl/MASTER_SHADOWSTEP/Content/StarterContent/Textures/T_Concrete_Panels_D.uasset" 809
"D:/new skewl/MASTER_SHADOWSTEP/Content/StarterContent/Textures/T_Concrete_Panels_N.uasset" 810
"D:/new skewl/MASTER_SHADOWSTEP/Content/StarterContent/Materials/M_Concrete_Panels.uasset" 811
"D:/new skewl/MASTER_SHADOWSTEP/Content/StarterContent/Textures/T_Concrete_Poured_D.uasset" 812
"D:/new skewl/MASTER_SHADOWSTEP/Content/StarterContent/Textures/T_Concrete_Poured_N.uasset" 813
"D:/new skewl/MASTER_SHADOWSTEP/Content/StarterContent/Materials/M_Concrete_Poured.uasset" 814
"D:/new skewl/MASTER_SHADOWSTEP/Content/StarterContent/Textures/T_Concrete_Tiles_D.uasset" 815
"D:/new skewl/MASTER_SHADOWSTEP/Content/StarterContent/Textures/T_Concrete_Tiles_M.uasset" 816
"D:/new skewl/MASTER_SHADOWSTEP/Content/StarterContent/Textures/T_Concrete_Tiles_N.uasset" 817
"D:/new skewl/MASTER_SHADOWSTEP/Content/StarterContent/Textures/T_Concrete_Tiles_Variation_M.uasset" 818
"D:/new skewl/MASTER_SHADOWSTEP/Content/StarterContent/Materials/M_Concrete_Tiles.uasset" 819
"D:/new skewl/MASTER_SHADOWSTEP/Content/StarterContent/Textures/T_Ground_Grass_D.uasset" 820
"D:/new skewl/MASTER_SHADOWSTEP/Content/StarterContent/Textures/T_Ground_Grass_N.uasset" 821
"D:/new skewl/MASTER_SHADOWSTEP/Content/StarterContent/Materials/M_Ground_Grass.uasset" 822
"D:/new skewl/MASTER_SHADOWSTEP/Content/StarterContent/Textures/T_Ground_Gravel_D.uasset" 823
"D:/new skewl/MASTER_SHADOWSTEP/Content/StarterContent/Textures/T_Ground_Gravel_N.uasset" 824
"D:/new skewl/MASTER_SHADOWSTEP/Content/StarterContent/Materials/M_Ground_Gravel.uasset" 825
"D:/new skewl/MASTER_SHADOWSTEP/Content/StarterContent/Textures/T_ground_Moss_D.uasset" 826
"D:/new skewl/MASTER_SHADOWSTEP/Content/StarterContent/Textures/T_Ground_Moss_N.uasset" 827
"D:/new skewl/MASTER_SHADOWSTEP/Content/StarterContent/Materials/M_Ground_Moss.uasset" 828
"D:/new skewl/MASTER_SHADOWSTEP/Content/StarterContent/Materials/M_Metal_Chrome.uasset" 829
"D:/new skewl/MASTER_SHADOWSTEP/Content/StarterContent/Textures/T_Metal_Gold_D.uasset" 830
"D:/new skewl/MASTER_SHADOWSTEP/Content/StarterContent/Materials/M_Metal_Gold.uasset" 831
"D:/new skewl/MASTER_SHADOWSTEP/Content/StarterContent/Textures/T_Metal_Rust_D.uasset" 832
"D:/new skewl/MASTER_SHADOWSTEP/Content/StarterContent/Materials/M_Metal_Rust.uasset" 833
"D:/new skewl/MASTER_SHADOWSTEP/Content/StarterContent/Textures/T_Metal_Steel_D.uasset" 834
"D:/new skewl/MASTER_SHADOWSTEP/Content/StarterContent/Textures/T_Metal_Steel_N.uasset" 835
"D:/new skewl/MASTER_SHADOWSTEP/Content/StarterContent/Materials/M_Metal_Steel.uasset" 836
"D:/new skewl/MASTER_SHADOWSTEP/Content/StarterContent/Textures/T_Rock_Basalt_N.uasset" 837
"D:/new skewl/MASTER_SHADOWSTEP/Content/StarterContent/Materials/M_Rock_Basalt.uasset" 838
"D:/new skewl/MASTER_SHADOWSTEP/Content/StarterContent/Materials/M_Rock_Marble_Polished.uasset" 839
"D:/new skewl/MASTER_SHADOWSTEP/Content/StarterContent/Textures/T_Rock_Sandstone_D.uasset" 840
"D:/new skewl/MASTER_SHADOWSTEP/Content/StarterContent/Textures/T_Rock_Sandstone_N.uasset" 841
"D:/new skewl/MASTER_SHADOWSTEP/Content/StarterContent/Materials/M_Rock_Sandstone.uasset" 842
"D:/new skewl/MASTER_SHADOWSTEP/Content/StarterContent/Textures/T_Rock_Slate_D.uasset" 843
"D:/new skewl/MASTER_SHADOWSTEP/Content/StarterContent/Textures/T_Rock_Slate_N.uasset" 844
"D:/new skewl/MASTER_SHADOWSTEP/Content/StarterContent/Materials/M_Rock_Slate.uasset" 845
"D:/new skewl/MASTER_SHADOWSTEP/Content/StarterContent/Textures/T_Checker_Noise_M.uasset" 846
"D:/new skewl/MASTER_SHADOWSTEP/Content/StarterContent/Textures/T_Single_Tile_N.uasset" 847
"D:/new skewl/MASTER_SHADOWSTEP/Content/StarterContent/Textures/T_Tech_Dot_M.uasset" 848
"D:/new skewl/MASTER_SHADOWSTEP/Content/StarterContent/Textures/T_Tech_Dot_N.uasset" 849
"D:/new skewl/MASTER_SHADOWSTEP/Content/StarterContent/Materials/M_Tech_Checker_Dot.uasset" 850
"D:/new skewl/MASTER_SHADOWSTEP/Content/StarterContent/Textures/T_Tech_Hex_Tile_M.uasset" 851
"D:/new skewl/MASTER_SHADOWSTEP/Content/StarterContent/Textures/T_Tech_Hex_Tile_N.uasset" 852
"D:/new skewl/MASTER_SHADOWSTEP/Content/StarterContent/Materials/M_Tech_Hex_Tile.uasset" 853
"D:/new skewl/MASTER_SHADOWSTEP/Content/StarterContent/Materials/M_Tech_Hex_Tile_Pulse.uasset" 854
"D:/new skewl/MASTER_SHADOWSTEP/Content/StarterContent/Textures/T_Tech_Panel_M.uasset" 855
"D:/new skewl/MASTER_SHADOWSTEP/Content/StarterContent/Textures/T_Tech_Panel_N.uasset" 856
"D:/new skewl/MASTER_SHADOWSTEP/Content/StarterContent/Materials/M_Tech_Panel.uasset" 857
"D:/new skewl/MASTER_SHADOWSTEP/Content/StarterContent/Materials/M_Water_Lake.uasset" 858
"D:/new skewl/MASTER_SHADOWSTEP/Content/StarterContent/Textures/T_Water_M.uasset" 859
"D:/new skewl/MASTER_SHADOWSTEP/Content/StarterContent/Materials/M_Water_Ocean.uasset" 860
"D:/new skewl/MASTER_SHADOWSTEP/Content/StarterContent/Textures/T_Wood_Floor_Walnut_D.uasset" 861
"D:/new skewl/MASTER_SHADOWSTEP/Content/StarterContent/Textures/T_Wood_Floor_Walnut_M.uasset" 862
"D:/new skewl/MASTER_SHADOWSTEP/Content/StarterContent/Textures/T_Wood_Floor_Walnut_N.uasset" 863
"D:/new skewl/MASTER_SHADOWSTEP/Content/StarterContent/Materials/M_Wood_Floor_Walnut_Polished.uasset" 864
"../../../Engine/Content/Functions/Engine_MaterialFunctions01/Opacity/AlphaOffset.uasset" 865
"D:/new skewl/MASTER_SHADOWSTEP/Content/StarterContent/Materials/M_Wood_Floor_Walnut_Worn.uasset" 866
"D:/new skewl/MASTER_SHADOWSTEP/Content/StarterContent/Textures/T_Wood_Oak_D.uasset" 867
"D:/new skewl/MASTER_SHADOWSTEP/Content/StarterContent/Textures/T_Wood_Oak_N.uasset" 868
"D:/new skewl/MASTER_SHADOWSTEP/Content/StarterContent/Materials/M_Wood_Oak.uasset" 869
"D:/new skewl/MASTER_SHADOWSTEP/Content/StarterContent/Textures/T_Wood_Pine_D.uasset" 870
"D:/new skewl/MASTER_SHADOWSTEP/Content/StarterContent/Textures/T_Wood_Pine_N.uasset" 871
"D:/new skewl/MASTER_SHADOWSTEP/Content/StarterContent/Materials/M_Wood_Pine.uasset" 872
"D:/new skewl/MASTER_SHADOWSTEP/Content/StarterContent/Textures/T_Wood_Walnut_D.uasset" 873
"D:/new skewl/MASTER_SHADOWSTEP/Content/StarterContent/Textures/T_Wood_Walnut_N.uasset" 874
"D:/new skewl/MASTER_SHADOWSTEP/Content/StarterContent/Materials/M_Wood_Walnut.uasset" 875
"D:/new skewl/MASTER_SHADOWSTEP/Content/StarterContent/Architecture/Wall_400x200.uasset" 876
"D:/new skewl/MASTER_SHADOWSTEP/Content/StarterContent/Architecture/Wall_Door_400x300.uasset" 877
"D:/new skewl/MASTER_SHADOWSTEP/Content/StarterContent/Architecture/Wall_Window_400x300.uasset" 878
"D:/new skewl/MASTER_SHADOWSTEP/Content/StarterContent/Audio/Collapse_Cue.uasset" 879
"D:/new skewl/MASTER_SHADOWSTEP/Content/StarterContent/Audio/Starter_Music_Cue.uasset" 880
"D:/new skewl/MASTER_SHADOWSTEP/Content/StarterContent/Textures/T_Dust_Particle_D.uasset" 881
"D:/new skewl/MASTER_SHADOWSTEP/Content/StarterContent/Particles/Materials/M_Dust_Particle.uasset" 882
"D:/new skewl/MASTER_SHADOWSTEP/Content/StarterContent/Particles/P_Ambient_Dust.uasset" 883
"D:/new skewl/MASTER_SHADOWSTEP/Content/StarterContent/Textures/T_Frame_M.uasset" 884
"D:/new skewl/MASTER_SHADOWSTEP/Content/StarterContent/Textures/T_Frame_N.uasset" 885
"D:/new skewl/MASTER_SHADOWSTEP/Content/StarterContent/Props/Materials/M_Frame.uasset" 886
"D:/new skewl/MASTER_SHADOWSTEP/Content/StarterContent/Props/SM_CornerFrame.uasset" 887
"D:/new skewl/MASTER_SHADOWSTEP/Content/StarterContent/Props/SM_DoorFrame.uasset" 888
"D:/new skewl/MASTER_SHADOWSTEP/Content/StarterContent/Props/SM_GlassWindow.uasset" 889
"D:/new skewl/MASTER_SHADOWSTEP/Content/StarterContent/Props/SM_PillarFrame.uasset" 890
"D:/new skewl/MASTER_SHADOWSTEP/Content/StarterContent/Props/SM_PillarFrame300.uasset" 891
"D:/new skewl/MASTER_SHADOWSTEP/Content/StarterContent/Props/SM_WindowFrame.uasset" 892
"D:/new skewl/MASTER_SHADOWSTEP/Content/StarterContent/Shapes/Shape_Cube.uasset" 893
"D:/new skewl/MASTER_SHADOWSTEP/Content/StarterContent/Shapes/Shape_QuadPyramid.uasset" 894
"D:/new skewl/MASTER_SHADOWSTEP/Content/StarterContent/Shapes/Shape_Sphere.uasset" 895
"D:/new skewl/MASTER_SHADOWSTEP/Content/StarterContent/Maps/StarterMap.umap" 896
"D:/new skewl/MASTER_SHADOWSTEP/Content/TestLevels/Alex_Test.umap" 897
"D:/new skewl/MASTER_SHADOWSTEP/Content/ThirdPersonBP/Blueprints/MainMenuHUD.uasset" 898
"D:/new skewl/MASTER_SHADOWSTEP/Content/ThirdPersonBP/Blueprints/MainMenuMode.uasset" 899
"D:/new skewl/MASTER_SHADOWSTEP/Content/TestLevels/MainMenu_BuiltData.uasset" 900
"D:/new skewl/MASTER_SHADOWSTEP/Content/Assets/Sound/menu.uasset" 901
"D:/new skewl/MASTER_SHADOWSTEP/Content/TestLevels/MainMenu.umap" 902
"../../../Engine/Content/BasicShapes/Plane.uasset" 903
"D:/new skewl/MASTER_SHADOWSTEP/Content/Assets/ParticleEffects/ThirdPersonBP/ParticleSystems_Shadowstep/circle1.uasset" 904
"D:/new skewl/MASTER_SHADOWSTEP/Content/Assets/ParticleEffects/ThirdPersonBP/ParticleSystems_Shadowstep/Circle1_Mat.uasset" 905
"D:/new skewl/MASTER_SHADOWSTEP/Content/Assets/ParticleEffects/ThirdPersonBP/ParticleSystems_Shadowstep/circle2.uasset" 906
"D:/new skewl/MASTER_SHADOWSTEP/Content/Assets/ParticleEffects/ThirdPersonBP/ParticleSystems_Shadowstep/circle2_Mat.uasset" 907
"D:/new skewl/MASTER_SHADOWSTEP/Content/Assets/ParticleEffects/ThirdPersonBP/ParticleSystems_Shadowstep/circle3.uasset" 908
"D:/new skewl/MASTER_SHADOWSTEP/Content/Assets/ParticleEffects/ThirdPersonBP/ParticleSystems_Shadowstep/circle3_Mat.uasset" 909
"D:/new skewl/MASTER_SHADOWSTEP/Content/Assets/ParticleEffects/ThirdPersonBP/ParticleSystems_Shadowstep/circle4.uasset" 910
"D:/new skewl/MASTER_SHADOWSTEP/Content/Assets/ParticleEffects/ThirdPersonBP/ParticleSystems_Shadowstep/Circle4_Mat.uasset" 911
"D:/new skewl/MASTER_SHADOWSTEP/Content/Assets/ParticleEffects/ThirdPersonBP/ParticleSystems_Shadowstep/PortalOpen_Particle.uasset" 912
"D:/new skewl/MASTER_SHADOWSTEP/Content/Assets/ParticleEffects/ThirdPersonBP/ParticleSystems_Shadowstep/TrailMaterial.uasset" 913
"D:/new skewl/MASTER_SHADOWSTEP/Content/Assets/ParticleEffects/ThirdPersonBP/ParticleSystems_Shadowstep/Trail_ShadowStep.uasset" 914
"D:/new skewl/MASTER_SHADOWSTEP/Content/TestLevels/ParticleSystems_test.umap" 915
"D:/new skewl/MASTER_SHADOWSTEP/Content/PlaceholderMaterials/diveableplanes.uasset" 916
"D:/new skewl/MASTER_SHADOWSTEP/Content/BPs_Made/Diveable_Plane.uasset" 917
"D:/new skewl/MASTER_SHADOWSTEP/Content/BPs_Made/PersistentWall.uasset" 918
"D:/new skewl/MASTER_SHADOWSTEP/Content/TestLevels/VS_Persistent_BuiltData.uasset" 919
"../../../Engine/Content/MapTemplates/SM_Template_Map_Floor.uasset" 920
"D:/new skewl/MASTER_SHADOWSTEP/Content/Geometry/HistoryDoor1.uasset" 921
"D:/new skewl/MASTER_SHADOWSTEP/Content/Geometry/HistoryDoor2.uasset" 922
"D:/new skewl/MASTER_SHADOWSTEP/Content/Geometry/HisttoryDoor3.uasset" 923
"D:/new skewl/MASTER_SHADOWSTEP/Content/TestLevels/VS_Persistent.umap" 924
"D:/new skewl/MASTER_SHADOWSTEP/Content/PlaceholderMaterials/LightSource.uasset" 925
"D:/new skewl/MASTER_SHADOWSTEP/Content/BPs_Made/RotatingLight.uasset" 926
"D:/new skewl/MASTER_SHADOWSTEP/Content/BPs_Made/StaticLight.uasset" 927
"D:/new skewl/MASTER_SHADOWSTEP/Content/Assets/Props/Sarcophogus_arms_albedo.uasset" 928
"D:/new skewl/MASTER_SHADOWSTEP/Content/Assets/Props/Sarcophogus_arms_albedo_Mat.uasset" 929
"D:/new skewl/MASTER_SHADOWSTEP/Content/Assets/Props/Sarcophogus_beard_albedo.uasset" 930
"D:/new skewl/MASTER_SHADOWSTEP/Content/Assets/Props/Sarcophogus_beard_albedo_Mat.uasset" 931
"D:/new skewl/MASTER_SHADOWSTEP/Content/Assets/Props/Sarcophogus_cropnwhip_albedo.uasset" 932
"D:/new skewl/MASTER_SHADOWSTEP/Content/Assets/Props/Sarcophogus_cropnwhip_albedo_Mat.uasset" 933
"D:/new skewl/MASTER_SHADOWSTEP/Content/Assets/Props/Sarcophogus_Face_Sac_albedo.uasset" 934
"D:/new skewl/MASTER_SHADOWSTEP/Content/Assets/Props/Sarcophogus_Face_Sac_albedo_Mat.uasset" 935
"D:/new skewl/MASTER_SHADOWSTEP/Content/Assets/Props/Sarcophogus_Sarc_body_albedo.uasset" 936
"D:/new skewl/MASTER_SHADOWSTEP/Content/Assets/Props/Sarcophogus_Sarc_body_albedo_Mat.uasset" 937
"D:/new skewl/MASTER_SHADOWSTEP/Content/Assets/Props/textured_assets/Sarcophogus.uasset" 938
"D:/new skewl/MASTER_SHADOWSTEP/Content/ThirdPersonBP/Blueprints/Artifact.uasset" 939
"D:/new skewl/MASTER_SHADOWSTEP/Content/ThirdPersonBP/Blueprints/WinCondition.uasset" 940
"D:/new skewl/MASTER_SHADOWSTEP/Content/TestLevels/VS_PersistentScaled_BuiltData.uasset" 941
"D:/new skewl/MASTER_SHADOWSTEP/Content/Assets/Props/reception_Desk_metallic.uasset" 942
"D:/new skewl/MASTER_SHADOWSTEP/Content/Assets/Props/receptiondesk_albedo.uasset" 943
"D:/new skewl/MASTER_SHADOWSTEP/Content/Assets/Props/receptiondesk_normal.uasset" 944
"D:/new skewl/MASTER_SHADOWSTEP/Content/Assets/Props/receptiondesk_albedo_Mat.uasset" 945
"D:/new skewl/MASTER_SHADOWSTEP/Content/Assets/Props/sign_303.uasset" 946
"D:/new skewl/MASTER_SHADOWSTEP/Content/Assets/Props/sign_303_Mat.uasset" 947
"D:/new skewl/MASTER_SHADOWSTEP/Content/Assets/Props/sign_ankh.uasset" 948
"D:/new skewl/MASTER_SHADOWSTEP/Content/Assets/Props/sign_ankh_Mat.uasset" 949
"D:/new skewl/MASTER_SHADOWSTEP/Content/Assets/Props/sign_crook_and_flail.uasset" 950
"D:/new skewl/MASTER_SHADOWSTEP/Content/Assets/Props/sign_crook_and_flail_Mat.uasset" 951
"D:/new skewl/MASTER_SHADOWSTEP/Content/Assets/Props/sign_eye_of_horus.uasset" 952
"D:/new skewl/MASTER_SHADOWSTEP/Content/Assets/Props/sign_eye_of_horus_Mat.uasset" 953
"D:/new skewl/MASTER_SHADOWSTEP/Content/Assets/Props/sign_M1_garand.uasset" 954
"D:/new skewl/MASTER_SHADOWSTEP/Content/Assets/Props/sign_M1_garand_Mat.uasset" 955
"D:/new skewl/MASTER_SHADOWSTEP/Content/Assets/Props/sign_pottey.uasset" 956
"D:/new skewl/MASTER_SHADOWSTEP/Content/Assets/Props/sign_pottey_Mat.uasset" 957
"D:/new skewl/MASTER_SHADOWSTEP/Content/Assets/Textures/Hieroglyphic_Texture.uasset" 958
"D:/new skewl/MASTER_SHADOWSTEP/Content/Assets/Textures/Hieroglyphic_Texture_Mat.uasset" 959
"D:/new skewl/MASTER_SHADOWSTEP/Content/Assets/Textures/marble_floor3.uasset" 960
"D:/new skewl/MASTER_SHADOWSTEP/Content/Assets/Textures/marble_floor4.uasset" 961
"D:/new skewl/MASTER_SHADOWSTEP/Content/Assets/Textures/stripedseamless4.uasset" 962
"D:/new skewl/MASTER_SHADOWSTEP/Content/Assets/Textures/marble_floor.uasset" 963
"D:/new skewl/MASTER_SHADOWSTEP/Content/Assets/Textures/seamlesstiletexture_Mat.uasset" 964
"D:/new skewl/MASTER_SHADOWSTEP/Content/Assets/Textures/seamlesstiletexture_Mat_Inst.uasset" 965
"D:/new skewl/MASTER_SHADOWSTEP/Content/Assets/Props/ancientrod.uasset" 966
"D:/new skewl/MASTER_SHADOWSTEP/Content/Assets/Props/Ankh.uasset" 967
"D:/new skewl/MASTER_SHADOWSTEP/Content/Assets/Props/bench.uasset" 968
"D:/new skewl/MASTER_SHADOWSTEP/Content/Assets/Props/bullet.uasset" 969
"D:/new skewl/MASTER_SHADOWSTEP/Content/Assets/Props/lambert8.uasset" 970
"D:/new skewl/MASTER_SHADOWSTEP/Content/Assets/Props/cellphone.uasset" 971
"D:/new skewl/MASTER_SHADOWSTEP/Content/Assets/Props/crate_BaseColor.uasset" 972
"D:/new skewl/MASTER_SHADOWSTEP/Content/Assets/Props/crate_Normal.uasset" 973
"D:/new skewl/MASTER_SHADOWSTEP/Content/Assets/Props/crate1.uasset" 974
"D:/new skewl/MASTER_SHADOWSTEP/Content/Assets/Props/crate.uasset" 975
"D:/new skewl/MASTER_SHADOWSTEP/Content/Assets/Props/desk_chair.uasset" 976
"D:/new skewl/MASTER_SHADOWSTEP/Content/Assets/Props/desklamp.uasset" 977
"D:/new skewl/MASTER_SHADOWSTEP/Content/Assets/Props/eyeOfHorus.uasset" 978
"D:/new skewl/MASTER_SHADOWSTEP/Content/Assets/Props/Gate.uasset" 979
"D:/new skewl/MASTER_SHADOWSTEP/Content/Assets/Props/helmet.uasset" 980
"D:/new skewl/MASTER_SHADOWSTEP/Content/Assets/Props/m1.uasset" 981
"D:/new skewl/MASTER_SHADOWSTEP/Content/Assets/Props/medalcab.uasset" 982
"D:/new skewl/MASTER_SHADOWSTEP/Content/Assets/Props/mitsubishia6m5.uasset" 983
"D:/new skewl/MASTER_SHADOWSTEP/Content/Assets/Props/Mk2_Grenade.uasset" 984
"D:/new skewl/MASTER_SHADOWSTEP/Content/Assets/Props/museum_pedestal.uasset" 985
"D:/new skewl/MASTER_SHADOWSTEP/Content/Assets/Props/museum_pillar_albedo.uasset" 986
"D:/new skewl/MASTER_SHADOWSTEP/Content/Assets/Props/museum_pillar_metallic.uasset" 987
"D:/new skewl/MASTER_SHADOWSTEP/Content/Assets/Props/museum_pillar_normal.uasset" 988
"D:/new skewl/MASTER_SHADOWSTEP/Content/Assets/Props/museum_pillar_albedo_Mat.uasset" 989
"D:/new skewl/MASTER_SHADOWSTEP/Content/Assets/Props/museum_pillar.uasset" 990
"D:/new skewl/MASTER_SHADOWSTEP/Content/Assets/Props/MuseumSign.uasset" 991
"D:/new skewl/MASTER_SHADOWSTEP/Content/Assets/Props/obelisk.uasset" 992
"D:/new skewl/MASTER_SHADOWSTEP/Content/Assets/Props/p51d_Mustang_BodyPlane_albedo.uasset" 993
"D:/new skewl/MASTER_SHADOWSTEP/Content/Assets/Props/p51d_Mustang_BodyPlane_OcclusionRoughnessMetallic.uasset" 994
"D:/new skewl/MASTER_SHADOWSTEP/Content/Assets/Props/p51d_Mustang_BodyPlane_albedo_Mat.uasset" 995
"D:/new skewl/MASTER_SHADOWSTEP/Content/Assets/Props/p51d_Mustang_exhaust_albedo.uasset" 996
"D:/new skewl/MASTER_SHADOWSTEP/Content/Assets/Props/p51d_Mustang_exhaust_OcclusionRoughnessMetallic.uasset" 997
"D:/new skewl/MASTER_SHADOWSTEP/Content/Assets/Props/p51d_Mustang_exhaust_albedo_Mat.uasset" 998
"D:/new skewl/MASTER_SHADOWSTEP/Content/Assets/Props/p51d_Mustang_prop_albedo.uasset" 999
"D:/new skewl/MASTER_SHADOWSTEP/Content/Assets/Props/p51d_Mustang_prop_OcclusionRoughnessMetallic.uasset" 1000
"D:/new skewl/MASTER_SHADOWSTEP/Content/Assets/Props/p51d_Mustang_prop_albedo_Mat.uasset" 1001
"D:/new skewl/MASTER_SHADOWSTEP/Content/Assets/Props/p51d_Mustang_windshield_albedo.uasset" 1002
"D:/new skewl/MASTER_SHADOWSTEP/Content/Assets/Props/p51d_Mustang_windshield_OcclusionRoughnessMetallic.uasset" 1003
"D:/new skewl/MASTER_SHADOWSTEP/Content/Assets/Props/p51d_Mustang_windshield_albedo_Mat.uasset" 1004
"D:/new skewl/MASTER_SHADOWSTEP/Content/Assets/Props/p51d_Mustang_wings_albedo.uasset" 1005
"D:/new skewl/MASTER_SHADOWSTEP/Content/Assets/Props/p51d_Mustang_wings_OcclusionRoughnessMetallic.uasset" 1006
"D:/new skewl/MASTER_SHADOWSTEP/Content/Assets/Props/p51d_Mustang_wings_albedo_Mat.uasset" 1007
"D:/new skewl/MASTER_SHADOWSTEP/Content/Assets/Props/p51d_Mustang.uasset" 1008
"D:/new skewl/MASTER_SHADOWSTEP/Content/Assets/Props/Reception_Desk.uasset" 1009
"D:/new skewl/MASTER_SHADOWSTEP/Content/Assets/Props/Sandbag.uasset" 1010
"D:/new skewl/MASTER_SHADOWSTEP/Content/Assets/Props/sconce.uasset" 1011
"D:/new skewl/MASTER_SHADOWSTEP/Content/Assets/Props/SecurityCamera_ShadowStep_pSphere1.uasset" 1012
"D:/new skewl/MASTER_SHADOWSTEP/Content/Assets/Props/Tank_Shell_F.uasset" 1013
"D:/new skewl/MASTER_SHADOWSTEP/Content/Assets/Props/textured_assets/DisplaySign.uasset" 1014
"D:/new skewl/MASTER_SHADOWSTEP/Content/Assets/Props/textured_assets/M4_Sherman_F.uasset" 1015
"D:/new skewl/MASTER_SHADOWSTEP/Content/Assets/Props/textured_assets/museum_pedestal_case.uasset" 1016
"D:/new skewl/MASTER_SHADOWSTEP/Content/Assets/Props/textured_assets/museum_pedestal_large.uasset" 1017
"D:/new skewl/MASTER_SHADOWSTEP/Content/Assets/Props/textured_assets/museum_pedestal_large_case.uasset" 1018
"D:/new skewl/MASTER_SHADOWSTEP/Content/Assets/Props/textured_assets/museum_pillar.uasset" 1019
"D:/new skewl/MASTER_SHADOWSTEP/Content/Assets/Props/textured_assets/Pedestal.uasset" 1020
"D:/new skewl/MASTER_SHADOWSTEP/Content/Assets/Props/textured_assets/PPSH_ShadowStep.uasset" 1021
"D:/new skewl/MASTER_SHADOWSTEP/Content/Assets/Props/VelvetRope_albedo.uasset" 1022
"D:/new skewl/MASTER_SHADOWSTEP/Content/Assets/Props/VelvetRope_metallic.uasset" 1023
"D:/new skewl/MASTER_SHADOWSTEP/Content/Assets/Props/VelvetRope_albedo_Mat.uasset" 1024
"D:/new skewl/MASTER_SHADOWSTEP/Content/Assets/Props/textured_assets/VelvetRope.uasset" 1025
"D:/new skewl/MASTER_SHADOWSTEP/Content/Assets/Props/trashcan.uasset" 1026
"D:/new skewl/MASTER_SHADOWSTEP/Content/Assets/Props/Trex_Exhibit_Trex_plaque_albedo.uasset" 1027
"D:/new skewl/MASTER_SHADOWSTEP/Content/Assets/Props/Trex_Exhibit_Trex_plaque_albedo_Mat.uasset" 1028
"D:/new skewl/MASTER_SHADOWSTEP/Content/Assets/Props/Trex_Exhibit_Trex_platform_albedo.uasset" 1029
"D:/new skewl/MASTER_SHADOWSTEP/Content/Assets/Props/Trex_Exhibit_Trex_platform_albedo_Mat.uasset" 1030
"D:/new skewl/MASTER_SHADOWSTEP/Content/Assets/Props/Trex_Exhibit_TRex_TeethColor_albedo.uasset" 1031
"D:/new skewl/MASTER_SHADOWSTEP/Content/Assets/Props/Trex_Exhibit_TRex_TeethColor_albedo_Mat.uasset" 1032
"D:/new skewl/MASTER_SHADOWSTEP/Content/Assets/Props/Trex_Exhibit_TrexBody_albedo.uasset" 1033
"D:/new skewl/MASTER_SHADOWSTEP/Content/Assets/Props/Trex_Exhibit_TrexBody_albedo_Mat.uasset" 1034
"D:/new skewl/MASTER_SHADOWSTEP/Content/Assets/Props/Trex_Exhibit_TrexHips_albedo.uasset" 1035
"D:/new skewl/MASTER_SHADOWSTEP/Content/Assets/Props/Trex_Exhibit_TrexHips_albedo_Mat.uasset" 1036
"D:/new skewl/MASTER_SHADOWSTEP/Content/Assets/Props/Trex_Exhibit.uasset" 1037
"D:/new skewl/MASTER_SHADOWSTEP/Content/Assets/Props/vase_albedo.uasset" 1038
"D:/new skewl/MASTER_SHADOWSTEP/Content/Assets/Props/Vase_OcclusionRoughnessMetallic.uasset" 1039
"D:/new skewl/MASTER_SHADOWSTEP/Content/Assets/Props/vase_albedo_Mat.uasset" 1040
"D:/new skewl/MASTER_SHADOWSTEP/Content/Assets/Props/Vase.uasset" 1041
"D:/new skewl/MASTER_SHADOWSTEP/Content/Assets/Props/VelvetRope.uasset" 1042
"D:/new skewl/MASTER_SHADOWSTEP/Content/Assets/Sound/level_1.uasset" 1043
"D:/new skewl/MASTER_SHADOWSTEP/Content/Geometry/Meshes/Box_Brush_StaticMesh1.uasset" 1044
"D:/new skewl/MASTER_SHADOWSTEP/Content/Geometry/wallExtention.uasset" 1045
"D:/new skewl/MASTER_SHADOWSTEP/Content/Geometry/WallExtention1.uasset" 1046
"D:/new skewl/MASTER_SHADOWSTEP/Content/Assets/UI/Jack_Icon.uasset" 1047
"D:/new skewl/MASTER_SHADOWSTEP/Content/Assets/UI/Shadow_Ball_UI.uasset" 1048
"D:/new skewl/MASTER_SHADOWSTEP/Content/Assets/UI/Shadow_Dive_Meter_Back.uasset" 1049
"D:/new skewl/MASTER_SHADOWSTEP/Content/Assets/UI/Shadow_Dive_Meter_Front.uasset" 1050
"D:/new skewl/MASTER_SHADOWSTEP/Content/ThirdPersonBP/Blueprints/inGameHUD.uasset" 1051
"D:/new skewl/MASTER_SHADOWSTEP/Content/TestLevels/VS_PersistentScaled.umap" 1052
"D:/new skewl/MASTER_SHADOWSTEP/Content/Assets/Props/museum_pedestal_case.uasset" 1053
"D:/new skewl/MASTER_SHADOWSTEP/Content/Assets/Props/Sarcophogus.uasset" 1054
"D:/new skewl/MASTER_SHADOWSTEP/Content/TestLevels/VS_PersistentScaledBackUp.umap" 1055
"D:/new skewl/MASTER_SHADOWSTEP/Content/BPs_Made/Gate.uasset" 1056
"D:/new skewl/MASTER_SHADOWSTEP/Content/TestLevels/VS_Persistent_test.umap" 1057
"D:/new skewl/MASTER_SHADOWSTEP/Content/BPs_Made/ShadowDiveablePrefab.uasset" 1058
"D:/new skewl/MASTER_SHADOWSTEP/Content/TestLevels/WallClimbTest_BuiltData.uasset" 1059
"D:/new skewl/MASTER_SHADOWSTEP/Content/TestLevels/WallClimbTest.umap" 1060
"D:/new skewl/MASTER_SHADOWSTEP/Content/ThirdPersonBP/Maps/ThirdPersonExampleMap_BuiltData.uasset" 1061
"../../../Engine/Content/BasicShapes/Cylinder.uasset" 1062
"D:/new skewl/MASTER_SHADOWSTEP/Content/Geometry/Meshes/1M_Cube_Chamfer.uasset" 1063
"D:/new skewl/MASTER_SHADOWSTEP/Content/ThirdPerson/Meshes/RampMaterial.uasset" 1064
"D:/new skewl/MASTER_SHADOWSTEP/Content/ThirdPerson/Meshes/Bump_StaticMesh.uasset" 1065
"D:/new skewl/MASTER_SHADOWSTEP/Content/ThirdPerson/Meshes/LeftArm_StaticMesh.uasset" 1066
"D:/new skewl/MASTER_SHADOWSTEP/Content/ThirdPerson/Meshes/Linear_Stair_StaticMesh.uasset" 1067
"D:/new skewl/MASTER_SHADOWSTEP/Content/ThirdPerson/Meshes/Ramp_StaticMesh.uasset" 1068
"D:/new skewl/MASTER_SHADOWSTEP/Content/ThirdPerson/Meshes/RightArm_StaticMesh.uasset" 1069
"D:/new skewl/MASTER_SHADOWSTEP/Content/ThirdPersonBP/Maps/ThirdPersonExampleMap.umap" 1070
"../../../Engine/Content/Maps/Entry.umap" 1071
